2017-05-06 00:47:59,087 ERROR 35050 nodejs.ClusterClientNoResponseError: client no response in 1394035ms exceeding maxIdleTime 30000ms, maybe the connection is close on other side.
    at Timeout.Leader._heartbeatTimer.setInterval [as _onTimeout] (/Users/wscart/Sites/node/eggcms/node_modules/.1.6.3@cluster-client/lib/leader.js:71:23)
    at ontimeout (timers.js:386:14)
    at tryOnTimeout (timers.js:250:5)
    at Timer.listOnTimeout (timers.js:214:5)
name: 'ClusterClientNoResponseError'
pid: 35050
hostname: wusichaodeMacBook-Pro.local

2017-05-06 01:22:57,681 ERROR 35050 nodejs.ClusterClientNoResponseError: client no response in 428242ms exceeding maxIdleTime 30000ms, maybe the connection is close on other side.
    at Timeout.Leader._heartbeatTimer.setInterval [as _onTimeout] (/Users/wscart/Sites/node/eggcms/node_modules/.1.6.3@cluster-client/lib/leader.js:71:23)
    at ontimeout (timers.js:386:14)
    at tryOnTimeout (timers.js:250:5)
    at Timer.listOnTimeout (timers.js:214:5)
name: 'ClusterClientNoResponseError'
pid: 35050
hostname: wusichaodeMacBook-Pro.local

2017-05-06 01:33:05,386 ERROR 35050 nodejs.ClusterClientNoResponseError: client no response in 567660ms exceeding maxIdleTime 30000ms, maybe the connection is close on other side.
    at Timeout.Leader._heartbeatTimer.setInterval [as _onTimeout] (/Users/wscart/Sites/node/eggcms/node_modules/.1.6.3@cluster-client/lib/leader.js:71:23)
    at ontimeout (timers.js:386:14)
    at tryOnTimeout (timers.js:250:5)
    at Timer.listOnTimeout (timers.js:214:5)
name: 'ClusterClientNoResponseError'
pid: 35050
hostname: wusichaodeMacBook-Pro.local

2017-05-06 01:43:22,044 ERROR 35050 nodejs.ClusterClientNoResponseError: client no response in 566622ms exceeding maxIdleTime 30000ms, maybe the connection is close on other side.
    at Timeout.Leader._heartbeatTimer.setInterval [as _onTimeout] (/Users/wscart/Sites/node/eggcms/node_modules/.1.6.3@cluster-client/lib/leader.js:71:23)
    at ontimeout (timers.js:386:14)
    at tryOnTimeout (timers.js:250:5)
    at Timer.listOnTimeout (timers.js:214:5)
name: 'ClusterClientNoResponseError'
pid: 35050
hostname: wusichaodeMacBook-Pro.local

2017-05-06 02:07:34,001 ERROR 35050 nodejs.ClusterClientNoResponseError: client no response in 1381915ms exceeding maxIdleTime 30000ms, maybe the connection is close on other side.
    at Timeout.Leader._heartbeatTimer.setInterval [as _onTimeout] (/Users/wscart/Sites/node/eggcms/node_modules/.1.6.3@cluster-client/lib/leader.js:71:23)
    at ontimeout (timers.js:386:14)
    at tryOnTimeout (timers.js:250:5)
    at Timer.listOnTimeout (timers.js:214:5)
name: 'ClusterClientNoResponseError'
pid: 35050
hostname: wusichaodeMacBook-Pro.local

2017-05-06 02:17:49,919 ERROR 35050 nodejs.ClusterClientNoResponseError: client no response in 565878ms exceeding maxIdleTime 30000ms, maybe the connection is close on other side.
    at Timeout.Leader._heartbeatTimer.setInterval [as _onTimeout] (/Users/wscart/Sites/node/eggcms/node_modules/.1.6.3@cluster-client/lib/leader.js:71:23)
    at ontimeout (timers.js:386:14)
    at tryOnTimeout (timers.js:250:5)
    at Timer.listOnTimeout (timers.js:214:5)
name: 'ClusterClientNoResponseError'
pid: 35050
hostname: wusichaodeMacBook-Pro.local

2017-05-06 02:38:35,181 ERROR 35050 nodejs.ClusterClientNoResponseError: client no response in 1205239ms exceeding maxIdleTime 30000ms, maybe the connection is close on other side.
    at Timeout.Leader._heartbeatTimer.setInterval [as _onTimeout] (/Users/wscart/Sites/node/eggcms/node_modules/.1.6.3@cluster-client/lib/leader.js:71:23)
    at ontimeout (timers.js:386:14)
    at tryOnTimeout (timers.js:250:5)
    at Timer.listOnTimeout (timers.js:214:5)
name: 'ClusterClientNoResponseError'
pid: 35050
hostname: wusichaodeMacBook-Pro.local

2017-05-06 03:06:45,237 ERROR 35050 nodejs.ClusterClientNoResponseError: client no response in 700029ms exceeding maxIdleTime 30000ms, maybe the connection is close on other side.
    at Timeout.Leader._heartbeatTimer.setInterval [as _onTimeout] (/Users/wscart/Sites/node/eggcms/node_modules/.1.6.3@cluster-client/lib/leader.js:71:23)
    at ontimeout (timers.js:386:14)
    at tryOnTimeout (timers.js:250:5)
    at Timer.listOnTimeout (timers.js:214:5)
name: 'ClusterClientNoResponseError'
pid: 35050
hostname: wusichaodeMacBook-Pro.local

2017-05-06 03:17:00,272 ERROR 35050 nodejs.ClusterClientNoResponseError: client no response in 564991ms exceeding maxIdleTime 30000ms, maybe the connection is close on other side.
    at Timeout.Leader._heartbeatTimer.setInterval [as _onTimeout] (/Users/wscart/Sites/node/eggcms/node_modules/.1.6.3@cluster-client/lib/leader.js:71:23)
    at ontimeout (timers.js:386:14)
    at tryOnTimeout (timers.js:250:5)
    at Timer.listOnTimeout (timers.js:214:5)
name: 'ClusterClientNoResponseError'
pid: 35050
hostname: wusichaodeMacBook-Pro.local

2017-05-06 03:27:05,567 ERROR 35050 nodejs.ClusterClientNoResponseError: client no response in 565252ms exceeding maxIdleTime 30000ms, maybe the connection is close on other side.
    at Timeout.Leader._heartbeatTimer.setInterval [as _onTimeout] (/Users/wscart/Sites/node/eggcms/node_modules/.1.6.3@cluster-client/lib/leader.js:71:23)
    at ontimeout (timers.js:386:14)
    at tryOnTimeout (timers.js:250:5)
    at Timer.listOnTimeout (timers.js:214:5)
name: 'ClusterClientNoResponseError'
pid: 35050
hostname: wusichaodeMacBook-Pro.local

2017-05-06 03:37:21,626 ERROR 35050 nodejs.ClusterClientNoResponseError: client no response in 566022ms exceeding maxIdleTime 30000ms, maybe the connection is close on other side.
    at Timeout.Leader._heartbeatTimer.setInterval [as _onTimeout] (/Users/wscart/Sites/node/eggcms/node_modules/.1.6.3@cluster-client/lib/leader.js:71:23)
    at ontimeout (timers.js:386:14)
    at tryOnTimeout (timers.js:250:5)
    at Timer.listOnTimeout (timers.js:214:5)
name: 'ClusterClientNoResponseError'
pid: 35050
hostname: wusichaodeMacBook-Pro.local

2017-05-06 03:47:27,930 ERROR 35050 nodejs.ClusterClientNoResponseError: client no response in 566277ms exceeding maxIdleTime 30000ms, maybe the connection is close on other side.
    at Timeout.Leader._heartbeatTimer.setInterval [as _onTimeout] (/Users/wscart/Sites/node/eggcms/node_modules/.1.6.3@cluster-client/lib/leader.js:71:23)
    at ontimeout (timers.js:386:14)
    at tryOnTimeout (timers.js:250:5)
    at Timer.listOnTimeout (timers.js:214:5)
name: 'ClusterClientNoResponseError'
pid: 35050
hostname: wusichaodeMacBook-Pro.local

2017-05-06 03:57:32,931 ERROR 35050 nodejs.ClusterClientNoResponseError: client no response in 564990ms exceeding maxIdleTime 30000ms, maybe the connection is close on other side.
    at Timeout.Leader._heartbeatTimer.setInterval [as _onTimeout] (/Users/wscart/Sites/node/eggcms/node_modules/.1.6.3@cluster-client/lib/leader.js:71:23)
    at ontimeout (timers.js:386:14)
    at tryOnTimeout (timers.js:250:5)
    at Timer.listOnTimeout (timers.js:214:5)
name: 'ClusterClientNoResponseError'
pid: 35050
hostname: wusichaodeMacBook-Pro.local

2017-05-06 04:07:48,945 ERROR 35050 nodejs.ClusterClientNoResponseError: client no response in 565976ms exceeding maxIdleTime 30000ms, maybe the connection is close on other side.
    at Timeout.Leader._heartbeatTimer.setInterval [as _onTimeout] (/Users/wscart/Sites/node/eggcms/node_modules/.1.6.3@cluster-client/lib/leader.js:71:23)
    at ontimeout (timers.js:386:14)
    at tryOnTimeout (timers.js:250:5)
    at Timer.listOnTimeout (timers.js:214:5)
name: 'ClusterClientNoResponseError'
pid: 35050
hostname: wusichaodeMacBook-Pro.local

2017-05-06 04:17:53,951 ERROR 35050 nodejs.ClusterClientNoResponseError: client no response in 564974ms exceeding maxIdleTime 30000ms, maybe the connection is close on other side.
    at Timeout.Leader._heartbeatTimer.setInterval [as _onTimeout] (/Users/wscart/Sites/node/eggcms/node_modules/.1.6.3@cluster-client/lib/leader.js:71:23)
    at ontimeout (timers.js:386:14)
    at tryOnTimeout (timers.js:250:5)
    at Timer.listOnTimeout (timers.js:214:5)
name: 'ClusterClientNoResponseError'
pid: 35050
hostname: wusichaodeMacBook-Pro.local

2017-05-06 04:28:00,256 ERROR 35050 nodejs.ClusterClientNoResponseError: client no response in 566264ms exceeding maxIdleTime 30000ms, maybe the connection is close on other side.
    at Timeout.Leader._heartbeatTimer.setInterval [as _onTimeout] (/Users/wscart/Sites/node/eggcms/node_modules/.1.6.3@cluster-client/lib/leader.js:71:23)
    at ontimeout (timers.js:386:14)
    at tryOnTimeout (timers.js:250:5)
    at Timer.listOnTimeout (timers.js:214:5)
name: 'ClusterClientNoResponseError'
pid: 35050
hostname: wusichaodeMacBook-Pro.local

2017-05-06 04:38:16,284 ERROR 35050 nodejs.ClusterClientNoResponseError: client no response in 565996ms exceeding maxIdleTime 30000ms, maybe the connection is close on other side.
    at Timeout.Leader._heartbeatTimer.setInterval [as _onTimeout] (/Users/wscart/Sites/node/eggcms/node_modules/.1.6.3@cluster-client/lib/leader.js:71:23)
    at ontimeout (timers.js:386:14)
    at tryOnTimeout (timers.js:250:5)
    at Timer.listOnTimeout (timers.js:214:5)
name: 'ClusterClientNoResponseError'
pid: 35050
hostname: wusichaodeMacBook-Pro.local

2017-05-06 04:48:21,312 ERROR 35050 nodejs.ClusterClientNoResponseError: client no response in 564993ms exceeding maxIdleTime 30000ms, maybe the connection is close on other side.
    at Timeout.Leader._heartbeatTimer.setInterval [as _onTimeout] (/Users/wscart/Sites/node/eggcms/node_modules/.1.6.3@cluster-client/lib/leader.js:71:23)
    at ontimeout (timers.js:386:14)
    at tryOnTimeout (timers.js:250:5)
    at Timer.listOnTimeout (timers.js:214:5)
name: 'ClusterClientNoResponseError'
pid: 35050
hostname: wusichaodeMacBook-Pro.local

2017-05-06 04:58:27,378 ERROR 35050 nodejs.ClusterClientNoResponseError: client no response in 566026ms exceeding maxIdleTime 30000ms, maybe the connection is close on other side.
    at Timeout.Leader._heartbeatTimer.setInterval [as _onTimeout] (/Users/wscart/Sites/node/eggcms/node_modules/.1.6.3@cluster-client/lib/leader.js:71:23)
    at ontimeout (timers.js:386:14)
    at tryOnTimeout (timers.js:250:5)
    at Timer.listOnTimeout (timers.js:214:5)
name: 'ClusterClientNoResponseError'
pid: 35050
hostname: wusichaodeMacBook-Pro.local

2017-05-06 05:08:34,001 ERROR 35050 nodejs.ClusterClientNoResponseError: client no response in 566593ms exceeding maxIdleTime 30000ms, maybe the connection is close on other side.
    at Timeout.Leader._heartbeatTimer.setInterval [as _onTimeout] (/Users/wscart/Sites/node/eggcms/node_modules/.1.6.3@cluster-client/lib/leader.js:71:23)
    at ontimeout (timers.js:386:14)
    at tryOnTimeout (timers.js:250:5)
    at Timer.listOnTimeout (timers.js:214:5)
name: 'ClusterClientNoResponseError'
pid: 35050
hostname: wusichaodeMacBook-Pro.local

2017-05-06 05:18:49,067 ERROR 35050 nodejs.ClusterClientNoResponseError: client no response in 565048ms exceeding maxIdleTime 30000ms, maybe the connection is close on other side.
    at Timeout.Leader._heartbeatTimer.setInterval [as _onTimeout] (/Users/wscart/Sites/node/eggcms/node_modules/.1.6.3@cluster-client/lib/leader.js:71:23)
    at ontimeout (timers.js:386:14)
    at tryOnTimeout (timers.js:250:5)
    at Timer.listOnTimeout (timers.js:214:5)
name: 'ClusterClientNoResponseError'
pid: 35050
hostname: wusichaodeMacBook-Pro.local

2017-05-06 05:28:56,001 ERROR 35050 nodejs.ClusterClientNoResponseError: client no response in 566909ms exceeding maxIdleTime 30000ms, maybe the connection is close on other side.
    at Timeout.Leader._heartbeatTimer.setInterval [as _onTimeout] (/Users/wscart/Sites/node/eggcms/node_modules/.1.6.3@cluster-client/lib/leader.js:71:23)
    at ontimeout (timers.js:386:14)
    at tryOnTimeout (timers.js:250:5)
    at Timer.listOnTimeout (timers.js:214:5)
name: 'ClusterClientNoResponseError'
pid: 35050
hostname: wusichaodeMacBook-Pro.local

2017-05-06 05:39:12,081 ERROR 35050 nodejs.ClusterClientNoResponseError: client no response in 566027ms exceeding maxIdleTime 30000ms, maybe the connection is close on other side.
    at Timeout.Leader._heartbeatTimer.setInterval [as _onTimeout] (/Users/wscart/Sites/node/eggcms/node_modules/.1.6.3@cluster-client/lib/leader.js:71:23)
    at ontimeout (timers.js:386:14)
    at tryOnTimeout (timers.js:250:5)
    at Timer.listOnTimeout (timers.js:214:5)
name: 'ClusterClientNoResponseError'
pid: 35050
hostname: wusichaodeMacBook-Pro.local

2017-05-06 05:49:17,097 ERROR 35050 nodejs.ClusterClientNoResponseError: client no response in 564986ms exceeding maxIdleTime 30000ms, maybe the connection is close on other side.
    at Timeout.Leader._heartbeatTimer.setInterval [as _onTimeout] (/Users/wscart/Sites/node/eggcms/node_modules/.1.6.3@cluster-client/lib/leader.js:71:23)
    at ontimeout (timers.js:386:14)
    at tryOnTimeout (timers.js:250:5)
    at Timer.listOnTimeout (timers.js:214:5)
name: 'ClusterClientNoResponseError'
pid: 35050
hostname: wusichaodeMacBook-Pro.local

2017-05-06 06:09:39,167 ERROR 35050 nodejs.ClusterClientNoResponseError: client no response in 565991ms exceeding maxIdleTime 30000ms, maybe the connection is close on other side.
    at Timeout.Leader._heartbeatTimer.setInterval [as _onTimeout] (/Users/wscart/Sites/node/eggcms/node_modules/.1.6.3@cluster-client/lib/leader.js:71:23)
    at ontimeout (timers.js:386:14)
    at tryOnTimeout (timers.js:250:5)
    at Timer.listOnTimeout (timers.js:214:5)
name: 'ClusterClientNoResponseError'
pid: 35050
hostname: wusichaodeMacBook-Pro.local

2017-05-06 06:19:45,001 ERROR 35050 nodejs.ClusterClientNoResponseError: client no response in 565804ms exceeding maxIdleTime 30000ms, maybe the connection is close on other side.
    at Timeout.Leader._heartbeatTimer.setInterval [as _onTimeout] (/Users/wscart/Sites/node/eggcms/node_modules/.1.6.3@cluster-client/lib/leader.js:71:23)
    at ontimeout (timers.js:386:14)
    at tryOnTimeout (timers.js:250:5)
    at Timer.listOnTimeout (timers.js:214:5)
name: 'ClusterClientNoResponseError'
pid: 35050
hostname: wusichaodeMacBook-Pro.local

2017-05-06 06:30:01,086 ERROR 35050 nodejs.ClusterClientNoResponseError: client no response in 566034ms exceeding maxIdleTime 30000ms, maybe the connection is close on other side.
    at Timeout.Leader._heartbeatTimer.setInterval [as _onTimeout] (/Users/wscart/Sites/node/eggcms/node_modules/.1.6.3@cluster-client/lib/leader.js:71:23)
    at ontimeout (timers.js:386:14)
    at tryOnTimeout (timers.js:250:5)
    at Timer.listOnTimeout (timers.js:214:5)
name: 'ClusterClientNoResponseError'
pid: 35050
hostname: wusichaodeMacBook-Pro.local

2017-05-06 06:40:07,401 ERROR 35050 nodejs.ClusterClientNoResponseError: client no response in 566289ms exceeding maxIdleTime 30000ms, maybe the connection is close on other side.
    at Timeout.Leader._heartbeatTimer.setInterval [as _onTimeout] (/Users/wscart/Sites/node/eggcms/node_modules/.1.6.3@cluster-client/lib/leader.js:71:23)
    at ontimeout (timers.js:386:14)
    at tryOnTimeout (timers.js:250:5)
    at Timer.listOnTimeout (timers.js:214:5)
name: 'ClusterClientNoResponseError'
pid: 35050
hostname: wusichaodeMacBook-Pro.local

2017-05-06 06:50:12,431 ERROR 35050 nodejs.ClusterClientNoResponseError: client no response in 565002ms exceeding maxIdleTime 30000ms, maybe the connection is close on other side.
    at Timeout.Leader._heartbeatTimer.setInterval [as _onTimeout] (/Users/wscart/Sites/node/eggcms/node_modules/.1.6.3@cluster-client/lib/leader.js:71:23)
    at ontimeout (timers.js:386:14)
    at tryOnTimeout (timers.js:250:5)
    at Timer.listOnTimeout (timers.js:214:5)
name: 'ClusterClientNoResponseError'
pid: 35050
hostname: wusichaodeMacBook-Pro.local

2017-05-06 07:00:28,491 ERROR 35050 nodejs.ClusterClientNoResponseError: client no response in 566024ms exceeding maxIdleTime 30000ms, maybe the connection is close on other side.
    at Timeout.Leader._heartbeatTimer.setInterval [as _onTimeout] (/Users/wscart/Sites/node/eggcms/node_modules/.1.6.3@cluster-client/lib/leader.js:71:23)
    at ontimeout (timers.js:386:14)
    at tryOnTimeout (timers.js:250:5)
    at Timer.listOnTimeout (timers.js:214:5)
name: 'ClusterClientNoResponseError'
pid: 35050
hostname: wusichaodeMacBook-Pro.local

2017-05-06 07:10:34,489 ERROR 35050 nodejs.ClusterClientNoResponseError: client no response in 565969ms exceeding maxIdleTime 30000ms, maybe the connection is close on other side.
    at Timeout.Leader._heartbeatTimer.setInterval [as _onTimeout] (/Users/wscart/Sites/node/eggcms/node_modules/.1.6.3@cluster-client/lib/leader.js:71:23)
    at ontimeout (timers.js:386:14)
    at tryOnTimeout (timers.js:250:5)
    at Timer.listOnTimeout (timers.js:214:5)
name: 'ClusterClientNoResponseError'
pid: 35050
hostname: wusichaodeMacBook-Pro.local

2017-05-06 07:20:39,819 ERROR 35050 nodejs.ClusterClientNoResponseError: client no response in 565288ms exceeding maxIdleTime 30000ms, maybe the connection is close on other side.
    at Timeout.Leader._heartbeatTimer.setInterval [as _onTimeout] (/Users/wscart/Sites/node/eggcms/node_modules/.1.6.3@cluster-client/lib/leader.js:71:23)
    at ontimeout (timers.js:386:14)
    at tryOnTimeout (timers.js:250:5)
    at Timer.listOnTimeout (timers.js:214:5)
name: 'ClusterClientNoResponseError'
pid: 35050
hostname: wusichaodeMacBook-Pro.local

2017-05-06 07:30:55,839 ERROR 35050 nodejs.ClusterClientNoResponseError: client no response in 565974ms exceeding maxIdleTime 30000ms, maybe the connection is close on other side.
    at Timeout.Leader._heartbeatTimer.setInterval [as _onTimeout] (/Users/wscart/Sites/node/eggcms/node_modules/.1.6.3@cluster-client/lib/leader.js:71:23)
    at ontimeout (timers.js:386:14)
    at tryOnTimeout (timers.js:250:5)
    at Timer.listOnTimeout (timers.js:214:5)
name: 'ClusterClientNoResponseError'
pid: 35050
hostname: wusichaodeMacBook-Pro.local

2017-05-06 07:41:01,833 ERROR 35050 nodejs.ClusterClientNoResponseError: client no response in 565972ms exceeding maxIdleTime 30000ms, maybe the connection is close on other side.
    at Timeout.Leader._heartbeatTimer.setInterval [as _onTimeout] (/Users/wscart/Sites/node/eggcms/node_modules/.1.6.3@cluster-client/lib/leader.js:71:23)
    at ontimeout (timers.js:386:14)
    at tryOnTimeout (timers.js:250:5)
    at Timer.listOnTimeout (timers.js:214:5)
name: 'ClusterClientNoResponseError'
pid: 35050
hostname: wusichaodeMacBook-Pro.local

2017-05-06 07:51:07,131 ERROR 35050 nodejs.ClusterClientNoResponseError: client no response in 565267ms exceeding maxIdleTime 30000ms, maybe the connection is close on other side.
    at Timeout.Leader._heartbeatTimer.setInterval [as _onTimeout] (/Users/wscart/Sites/node/eggcms/node_modules/.1.6.3@cluster-client/lib/leader.js:71:23)
    at ontimeout (timers.js:386:14)
    at tryOnTimeout (timers.js:250:5)
    at Timer.listOnTimeout (timers.js:214:5)
name: 'ClusterClientNoResponseError'
pid: 35050
hostname: wusichaodeMacBook-Pro.local

2017-05-06 07:54:56,189 ERROR 35050 nodejs.ClusterClientNoResponseError: client no response in 179032ms exceeding maxIdleTime 30000ms, maybe the connection is close on other side.
    at Timeout.Leader._heartbeatTimer.setInterval [as _onTimeout] (/Users/wscart/Sites/node/eggcms/node_modules/.1.6.3@cluster-client/lib/leader.js:71:23)
    at ontimeout (timers.js:386:14)
    at tryOnTimeout (timers.js:250:5)
    at Timer.listOnTimeout (timers.js:214:5)
name: 'ClusterClientNoResponseError'
pid: 35050
hostname: wusichaodeMacBook-Pro.local

2017-05-06 08:16:22,322 ERROR 35050 nodejs.ClusterClientNoResponseError: client no response in 565950ms exceeding maxIdleTime 30000ms, maybe the connection is close on other side.
    at Timeout.Leader._heartbeatTimer.setInterval [as _onTimeout] (/Users/wscart/Sites/node/eggcms/node_modules/.1.6.3@cluster-client/lib/leader.js:71:23)
    at ontimeout (timers.js:386:14)
    at tryOnTimeout (timers.js:250:5)
    at Timer.listOnTimeout (timers.js:214:5)
name: 'ClusterClientNoResponseError'
pid: 35050
hostname: wusichaodeMacBook-Pro.local

2017-05-06 08:26:28,001 ERROR 35050 nodejs.ClusterClientNoResponseError: client no response in 565649ms exceeding maxIdleTime 30000ms, maybe the connection is close on other side.
    at Timeout.Leader._heartbeatTimer.setInterval [as _onTimeout] (/Users/wscart/Sites/node/eggcms/node_modules/.1.6.3@cluster-client/lib/leader.js:71:23)
    at ontimeout (timers.js:386:14)
    at tryOnTimeout (timers.js:250:5)
    at Timer.listOnTimeout (timers.js:214:5)
name: 'ClusterClientNoResponseError'
pid: 35050
hostname: wusichaodeMacBook-Pro.local

2017-05-06 08:36:43,058 ERROR 35050 nodejs.ClusterClientNoResponseError: client no response in 565014ms exceeding maxIdleTime 30000ms, maybe the connection is close on other side.
    at Timeout.Leader._heartbeatTimer.setInterval [as _onTimeout] (/Users/wscart/Sites/node/eggcms/node_modules/.1.6.3@cluster-client/lib/leader.js:71:23)
    at ontimeout (timers.js:386:14)
    at tryOnTimeout (timers.js:250:5)
    at Timer.listOnTimeout (timers.js:214:5)
name: 'ClusterClientNoResponseError'
pid: 35050
hostname: wusichaodeMacBook-Pro.local

2017-05-06 08:46:49,069 ERROR 35050 nodejs.ClusterClientNoResponseError: client no response in 565979ms exceeding maxIdleTime 30000ms, maybe the connection is close on other side.
    at Timeout.Leader._heartbeatTimer.setInterval [as _onTimeout] (/Users/wscart/Sites/node/eggcms/node_modules/.1.6.3@cluster-client/lib/leader.js:71:23)
    at ontimeout (timers.js:386:14)
    at tryOnTimeout (timers.js:250:5)
    at Timer.listOnTimeout (timers.js:214:5)
name: 'ClusterClientNoResponseError'
pid: 35050
hostname: wusichaodeMacBook-Pro.local

2017-05-06 08:56:55,035 ERROR 35050 nodejs.ClusterClientNoResponseError: client no response in 565949ms exceeding maxIdleTime 30000ms, maybe the connection is close on other side.
    at Timeout.Leader._heartbeatTimer.setInterval [as _onTimeout] (/Users/wscart/Sites/node/eggcms/node_modules/.1.6.3@cluster-client/lib/leader.js:71:23)
    at ontimeout (timers.js:386:14)
    at tryOnTimeout (timers.js:250:5)
    at Timer.listOnTimeout (timers.js:214:5)
name: 'ClusterClientNoResponseError'
pid: 35050
hostname: wusichaodeMacBook-Pro.local

2017-05-06 09:17:16,107 ERROR 35050 nodejs.ClusterClientNoResponseError: client no response in 565002ms exceeding maxIdleTime 30000ms, maybe the connection is close on other side.
    at Timeout.Leader._heartbeatTimer.setInterval [as _onTimeout] (/Users/wscart/Sites/node/eggcms/node_modules/.1.6.3@cluster-client/lib/leader.js:71:23)
    at ontimeout (timers.js:386:14)
    at tryOnTimeout (timers.js:250:5)
    at Timer.listOnTimeout (timers.js:214:5)
name: 'ClusterClientNoResponseError'
pid: 35050
hostname: wusichaodeMacBook-Pro.local

2017-05-06 09:27:32,378 ERROR 35050 nodejs.ClusterClientNoResponseError: client no response in 566248ms exceeding maxIdleTime 30000ms, maybe the connection is close on other side.
    at Timeout.Leader._heartbeatTimer.setInterval [as _onTimeout] (/Users/wscart/Sites/node/eggcms/node_modules/.1.6.3@cluster-client/lib/leader.js:71:23)
    at ontimeout (timers.js:386:14)
    at tryOnTimeout (timers.js:250:5)
    at Timer.listOnTimeout (timers.js:214:5)
name: 'ClusterClientNoResponseError'
pid: 35050
hostname: wusichaodeMacBook-Pro.local

2017-05-06 09:37:37,375 ERROR 35050 nodejs.ClusterClientNoResponseError: client no response in 564977ms exceeding maxIdleTime 30000ms, maybe the connection is close on other side.
    at Timeout.Leader._heartbeatTimer.setInterval [as _onTimeout] (/Users/wscart/Sites/node/eggcms/node_modules/.1.6.3@cluster-client/lib/leader.js:71:23)
    at ontimeout (timers.js:386:14)
    at tryOnTimeout (timers.js:250:5)
    at Timer.listOnTimeout (timers.js:214:5)
name: 'ClusterClientNoResponseError'
pid: 35050
hostname: wusichaodeMacBook-Pro.local

2017-05-06 09:47:43,394 ERROR 35050 nodejs.ClusterClientNoResponseError: client no response in 565999ms exceeding maxIdleTime 30000ms, maybe the connection is close on other side.
    at Timeout.Leader._heartbeatTimer.setInterval [as _onTimeout] (/Users/wscart/Sites/node/eggcms/node_modules/.1.6.3@cluster-client/lib/leader.js:71:23)
    at ontimeout (timers.js:386:14)
    at tryOnTimeout (timers.js:250:5)
    at Timer.listOnTimeout (timers.js:214:5)
name: 'ClusterClientNoResponseError'
pid: 35050
hostname: wusichaodeMacBook-Pro.local

2017-05-06 09:57:59,366 ERROR 35050 nodejs.ClusterClientNoResponseError: client no response in 565946ms exceeding maxIdleTime 30000ms, maybe the connection is close on other side.
    at Timeout.Leader._heartbeatTimer.setInterval [as _onTimeout] (/Users/wscart/Sites/node/eggcms/node_modules/.1.6.3@cluster-client/lib/leader.js:71:23)
    at ontimeout (timers.js:386:14)
    at tryOnTimeout (timers.js:250:5)
    at Timer.listOnTimeout (timers.js:214:5)
name: 'ClusterClientNoResponseError'
pid: 35050
hostname: wusichaodeMacBook-Pro.local

2017-05-06 10:08:04,401 ERROR 35050 nodejs.ClusterClientNoResponseError: client no response in 564997ms exceeding maxIdleTime 30000ms, maybe the connection is close on other side.
    at Timeout.Leader._heartbeatTimer.setInterval [as _onTimeout] (/Users/wscart/Sites/node/eggcms/node_modules/.1.6.3@cluster-client/lib/leader.js:71:23)
    at ontimeout (timers.js:386:14)
    at tryOnTimeout (timers.js:250:5)
    at Timer.listOnTimeout (timers.js:214:5)
name: 'ClusterClientNoResponseError'
pid: 35050
hostname: wusichaodeMacBook-Pro.local

2017-05-06 10:18:10,373 ERROR 35050 nodejs.ClusterClientNoResponseError: client no response in 565932ms exceeding maxIdleTime 30000ms, maybe the connection is close on other side.
    at Timeout.Leader._heartbeatTimer.setInterval [as _onTimeout] (/Users/wscart/Sites/node/eggcms/node_modules/.1.6.3@cluster-client/lib/leader.js:71:23)
    at ontimeout (timers.js:386:14)
    at tryOnTimeout (timers.js:250:5)
    at Timer.listOnTimeout (timers.js:214:5)
name: 'ClusterClientNoResponseError'
pid: 35050
hostname: wusichaodeMacBook-Pro.local

2017-05-06 10:28:26,626 ERROR 35050 nodejs.ClusterClientNoResponseError: client no response in 566219ms exceeding maxIdleTime 30000ms, maybe the connection is close on other side.
    at Timeout.Leader._heartbeatTimer.setInterval [as _onTimeout] (/Users/wscart/Sites/node/eggcms/node_modules/.1.6.3@cluster-client/lib/leader.js:71:23)
    at ontimeout (timers.js:386:14)
    at tryOnTimeout (timers.js:250:5)
    at Timer.listOnTimeout (timers.js:214:5)
name: 'ClusterClientNoResponseError'
pid: 35050
hostname: wusichaodeMacBook-Pro.local

2017-05-06 10:38:32,147 ERROR 35050 nodejs.ClusterClientNoResponseError: client no response in 565489ms exceeding maxIdleTime 30000ms, maybe the connection is close on other side.
    at Timeout.Leader._heartbeatTimer.setInterval [as _onTimeout] (/Users/wscart/Sites/node/eggcms/node_modules/.1.6.3@cluster-client/lib/leader.js:71:23)
    at ontimeout (timers.js:386:14)
    at tryOnTimeout (timers.js:250:5)
    at Timer.listOnTimeout (timers.js:214:5)
name: 'ClusterClientNoResponseError'
pid: 35050
hostname: wusichaodeMacBook-Pro.local

2017-05-06 10:48:37,168 ERROR 35050 nodejs.ClusterClientNoResponseError: client no response in 565001ms exceeding maxIdleTime 30000ms, maybe the connection is close on other side.
    at Timeout.Leader._heartbeatTimer.setInterval [as _onTimeout] (/Users/wscart/Sites/node/eggcms/node_modules/.1.6.3@cluster-client/lib/leader.js:71:23)
    at ontimeout (timers.js:386:14)
    at tryOnTimeout (timers.js:250:5)
    at Timer.listOnTimeout (timers.js:214:5)
name: 'ClusterClientNoResponseError'
pid: 35050
hostname: wusichaodeMacBook-Pro.local

2017-05-06 10:58:53,185 ERROR 35050 nodejs.ClusterClientNoResponseError: client no response in 565975ms exceeding maxIdleTime 30000ms, maybe the connection is close on other side.
    at Timeout.Leader._heartbeatTimer.setInterval [as _onTimeout] (/Users/wscart/Sites/node/eggcms/node_modules/.1.6.3@cluster-client/lib/leader.js:71:23)
    at ontimeout (timers.js:386:14)
    at tryOnTimeout (timers.js:250:5)
    at Timer.listOnTimeout (timers.js:214:5)
name: 'ClusterClientNoResponseError'
pid: 35050
hostname: wusichaodeMacBook-Pro.local

2017-05-06 11:09:09,223 ERROR 35050 nodejs.ClusterClientNoResponseError: client no response in 565995ms exceeding maxIdleTime 30000ms, maybe the connection is close on other side.
    at Timeout.Leader._heartbeatTimer.setInterval [as _onTimeout] (/Users/wscart/Sites/node/eggcms/node_modules/.1.6.3@cluster-client/lib/leader.js:71:23)
    at ontimeout (timers.js:386:14)
    at tryOnTimeout (timers.js:250:5)
    at Timer.listOnTimeout (timers.js:214:5)
name: 'ClusterClientNoResponseError'
pid: 35050
hostname: wusichaodeMacBook-Pro.local

2017-05-06 11:19:14,507 ERROR 35050 nodejs.ClusterClientNoResponseError: client no response in 565254ms exceeding maxIdleTime 30000ms, maybe the connection is close on other side.
    at Timeout.Leader._heartbeatTimer.setInterval [as _onTimeout] (/Users/wscart/Sites/node/eggcms/node_modules/.1.6.3@cluster-client/lib/leader.js:71:23)
    at ontimeout (timers.js:386:14)
    at tryOnTimeout (timers.js:250:5)
    at Timer.listOnTimeout (timers.js:214:5)
name: 'ClusterClientNoResponseError'
pid: 35050
hostname: wusichaodeMacBook-Pro.local

2017-05-06 11:29:21,001 ERROR 35050 nodejs.ClusterClientNoResponseError: client no response in 566453ms exceeding maxIdleTime 30000ms, maybe the connection is close on other side.
    at Timeout.Leader._heartbeatTimer.setInterval [as _onTimeout] (/Users/wscart/Sites/node/eggcms/node_modules/.1.6.3@cluster-client/lib/leader.js:71:23)
    at ontimeout (timers.js:386:14)
    at tryOnTimeout (timers.js:250:5)
    at Timer.listOnTimeout (timers.js:214:5)
name: 'ClusterClientNoResponseError'
pid: 35050
hostname: wusichaodeMacBook-Pro.local

2017-05-06 11:39:36,996 ERROR 35050 nodejs.ClusterClientNoResponseError: client no response in 565977ms exceeding maxIdleTime 30000ms, maybe the connection is close on other side.
    at Timeout.Leader._heartbeatTimer.setInterval [as _onTimeout] (/Users/wscart/Sites/node/eggcms/node_modules/.1.6.3@cluster-client/lib/leader.js:71:23)
    at ontimeout (timers.js:386:14)
    at tryOnTimeout (timers.js:250:5)
    at Timer.listOnTimeout (timers.js:214:5)
name: 'ClusterClientNoResponseError'
pid: 35050
hostname: wusichaodeMacBook-Pro.local

2017-05-06 11:49:43,008 ERROR 35050 nodejs.ClusterClientNoResponseError: client no response in 565988ms exceeding maxIdleTime 30000ms, maybe the connection is close on other side.
    at Timeout.Leader._heartbeatTimer.setInterval [as _onTimeout] (/Users/wscart/Sites/node/eggcms/node_modules/.1.6.3@cluster-client/lib/leader.js:71:23)
    at ontimeout (timers.js:386:14)
    at tryOnTimeout (timers.js:250:5)
    at Timer.listOnTimeout (timers.js:214:5)
name: 'ClusterClientNoResponseError'
pid: 35050
hostname: wusichaodeMacBook-Pro.local

2017-05-06 11:59:48,011 ERROR 35050 nodejs.ClusterClientNoResponseError: client no response in 564977ms exceeding maxIdleTime 30000ms, maybe the connection is close on other side.
    at Timeout.Leader._heartbeatTimer.setInterval [as _onTimeout] (/Users/wscart/Sites/node/eggcms/node_modules/.1.6.3@cluster-client/lib/leader.js:71:23)
    at ontimeout (timers.js:386:14)
    at tryOnTimeout (timers.js:250:5)
    at Timer.listOnTimeout (timers.js:214:5)
name: 'ClusterClientNoResponseError'
pid: 35050
hostname: wusichaodeMacBook-Pro.local

2017-05-06 12:10:03,518 ERROR 35050 nodejs.ClusterClientNoResponseError: client no response in 565462ms exceeding maxIdleTime 30000ms, maybe the connection is close on other side.
    at Timeout.Leader._heartbeatTimer.setInterval [as _onTimeout] (/Users/wscart/Sites/node/eggcms/node_modules/.1.6.3@cluster-client/lib/leader.js:71:23)
    at ontimeout (timers.js:386:14)
    at tryOnTimeout (timers.js:250:5)
    at Timer.listOnTimeout (timers.js:214:5)
name: 'ClusterClientNoResponseError'
pid: 35050
hostname: wusichaodeMacBook-Pro.local

2017-05-06 12:20:10,001 ERROR 35050 nodejs.ClusterClientNoResponseError: client no response in 566447ms exceeding maxIdleTime 30000ms, maybe the connection is close on other side.
    at Timeout.Leader._heartbeatTimer.setInterval [as _onTimeout] (/Users/wscart/Sites/node/eggcms/node_modules/.1.6.3@cluster-client/lib/leader.js:71:23)
    at ontimeout (timers.js:386:14)
    at tryOnTimeout (timers.js:250:5)
    at Timer.listOnTimeout (timers.js:214:5)
name: 'ClusterClientNoResponseError'
pid: 35050
hostname: wusichaodeMacBook-Pro.local

2017-05-06 12:25:18,019 ERROR 35050 nodejs.ClusterClientNoResponseError: client no response in 257969ms exceeding maxIdleTime 30000ms, maybe the connection is close on other side.
    at Timeout.Leader._heartbeatTimer.setInterval [as _onTimeout] (/Users/wscart/Sites/node/eggcms/node_modules/.1.6.3@cluster-client/lib/leader.js:71:23)
    at ontimeout (timers.js:386:14)
    at tryOnTimeout (timers.js:250:5)
    at Timer.listOnTimeout (timers.js:214:5)
name: 'ClusterClientNoResponseError'
pid: 35050
hostname: wusichaodeMacBook-Pro.local

2017-05-06 12:54:12,988 ERROR 35050 nodejs.ClusterClientNoResponseError: client no response in 264428ms exceeding maxIdleTime 30000ms, maybe the connection is close on other side.
    at Timeout.Leader._heartbeatTimer.setInterval [as _onTimeout] (/Users/wscart/Sites/node/eggcms/node_modules/.1.6.3@cluster-client/lib/leader.js:71:23)
    at ontimeout (timers.js:386:14)
    at tryOnTimeout (timers.js:250:5)
    at Timer.listOnTimeout (timers.js:214:5)
name: 'ClusterClientNoResponseError'
pid: 35050
hostname: wusichaodeMacBook-Pro.local

2017-05-06 14:54:49,670 ERROR 35050 nodejs.ClusterClientNoResponseError: client no response in 564590ms exceeding maxIdleTime 30000ms, maybe the connection is close on other side.
    at Timeout.Leader._heartbeatTimer.setInterval [as _onTimeout] (/Users/wscart/Sites/node/eggcms/node_modules/.1.6.3@cluster-client/lib/leader.js:71:23)
    at ontimeout (timers.js:386:14)
    at tryOnTimeout (timers.js:250:5)
    at Timer.listOnTimeout (timers.js:214:5)
name: 'ClusterClientNoResponseError'
pid: 35050
hostname: wusichaodeMacBook-Pro.local

2017-05-06 15:05:06,241 ERROR 35050 nodejs.ClusterClientNoResponseError: client no response in 566539ms exceeding maxIdleTime 30000ms, maybe the connection is close on other side.
    at Timeout.Leader._heartbeatTimer.setInterval [as _onTimeout] (/Users/wscart/Sites/node/eggcms/node_modules/.1.6.3@cluster-client/lib/leader.js:71:23)
    at ontimeout (timers.js:386:14)
    at tryOnTimeout (timers.js:250:5)
    at Timer.listOnTimeout (timers.js:214:5)
name: 'ClusterClientNoResponseError'
pid: 35050
hostname: wusichaodeMacBook-Pro.local

2017-05-06 15:15:11,264 ERROR 35050 nodejs.ClusterClientNoResponseError: client no response in 564990ms exceeding maxIdleTime 30000ms, maybe the connection is close on other side.
    at Timeout.Leader._heartbeatTimer.setInterval [as _onTimeout] (/Users/wscart/Sites/node/eggcms/node_modules/.1.6.3@cluster-client/lib/leader.js:71:23)
    at ontimeout (timers.js:386:14)
    at tryOnTimeout (timers.js:250:5)
    at Timer.listOnTimeout (timers.js:214:5)
name: 'ClusterClientNoResponseError'
pid: 35050
hostname: wusichaodeMacBook-Pro.local

2017-05-06 15:25:27,521 ERROR 35050 nodejs.ClusterClientNoResponseError: client no response in 566235ms exceeding maxIdleTime 30000ms, maybe the connection is close on other side.
    at Timeout.Leader._heartbeatTimer.setInterval [as _onTimeout] (/Users/wscart/Sites/node/eggcms/node_modules/.1.6.3@cluster-client/lib/leader.js:71:23)
    at ontimeout (timers.js:386:14)
    at tryOnTimeout (timers.js:250:5)
    at Timer.listOnTimeout (timers.js:214:5)
name: 'ClusterClientNoResponseError'
pid: 35050
hostname: wusichaodeMacBook-Pro.local

2017-05-06 15:35:32,546 ERROR 35050 nodejs.ClusterClientNoResponseError: client no response in 564985ms exceeding maxIdleTime 30000ms, maybe the connection is close on other side.
    at Timeout.Leader._heartbeatTimer.setInterval [as _onTimeout] (/Users/wscart/Sites/node/eggcms/node_modules/.1.6.3@cluster-client/lib/leader.js:71:23)
    at ontimeout (timers.js:386:14)
    at tryOnTimeout (timers.js:250:5)
    at Timer.listOnTimeout (timers.js:214:5)
name: 'ClusterClientNoResponseError'
pid: 35050
hostname: wusichaodeMacBook-Pro.local

2017-05-06 15:45:39,002 ERROR 35050 nodejs.ClusterClientNoResponseError: client no response in 566422ms exceeding maxIdleTime 30000ms, maybe the connection is close on other side.
    at Timeout.Leader._heartbeatTimer.setInterval [as _onTimeout] (/Users/wscart/Sites/node/eggcms/node_modules/.1.6.3@cluster-client/lib/leader.js:71:23)
    at ontimeout (timers.js:386:14)
    at tryOnTimeout (timers.js:250:5)
    at Timer.listOnTimeout (timers.js:214:5)
name: 'ClusterClientNoResponseError'
pid: 35050
hostname: wusichaodeMacBook-Pro.local

2017-05-06 15:55:54,962 ERROR 35050 nodejs.ClusterClientNoResponseError: client no response in 565916ms exceeding maxIdleTime 30000ms, maybe the connection is close on other side.
    at Timeout.Leader._heartbeatTimer.setInterval [as _onTimeout] (/Users/wscart/Sites/node/eggcms/node_modules/.1.6.3@cluster-client/lib/leader.js:71:23)
    at ontimeout (timers.js:386:14)
    at tryOnTimeout (timers.js:250:5)
    at Timer.listOnTimeout (timers.js:214:5)
name: 'ClusterClientNoResponseError'
pid: 35050
hostname: wusichaodeMacBook-Pro.local

2017-05-06 16:05:59,940 ERROR 35050 nodejs.ClusterClientNoResponseError: client no response in 564970ms exceeding maxIdleTime 30000ms, maybe the connection is close on other side.
    at Timeout.Leader._heartbeatTimer.setInterval [as _onTimeout] (/Users/wscart/Sites/node/eggcms/node_modules/.1.6.3@cluster-client/lib/leader.js:71:23)
    at ontimeout (timers.js:386:14)
    at tryOnTimeout (timers.js:250:5)
    at Timer.listOnTimeout (timers.js:214:5)
name: 'ClusterClientNoResponseError'
pid: 35050
hostname: wusichaodeMacBook-Pro.local

2017-05-06 16:16:05,928 ERROR 35050 nodejs.ClusterClientNoResponseError: client no response in 565961ms exceeding maxIdleTime 30000ms, maybe the connection is close on other side.
    at Timeout.Leader._heartbeatTimer.setInterval [as _onTimeout] (/Users/wscart/Sites/node/eggcms/node_modules/.1.6.3@cluster-client/lib/leader.js:71:23)
    at ontimeout (timers.js:386:14)
    at tryOnTimeout (timers.js:250:5)
    at Timer.listOnTimeout (timers.js:214:5)
name: 'ClusterClientNoResponseError'
pid: 35050
hostname: wusichaodeMacBook-Pro.local

2017-05-06 16:26:21,195 ERROR 35050 nodejs.ClusterClientNoResponseError: client no response in 565236ms exceeding maxIdleTime 30000ms, maybe the connection is close on other side.
    at Timeout.Leader._heartbeatTimer.setInterval [as _onTimeout] (/Users/wscart/Sites/node/eggcms/node_modules/.1.6.3@cluster-client/lib/leader.js:71:23)
    at ontimeout (timers.js:386:14)
    at tryOnTimeout (timers.js:250:5)
    at Timer.listOnTimeout (timers.js:214:5)
name: 'ClusterClientNoResponseError'
pid: 35050
hostname: wusichaodeMacBook-Pro.local

2017-05-06 16:36:28,001 ERROR 35050 nodejs.ClusterClientNoResponseError: client no response in 566782ms exceeding maxIdleTime 30000ms, maybe the connection is close on other side.
    at Timeout.Leader._heartbeatTimer.setInterval [as _onTimeout] (/Users/wscart/Sites/node/eggcms/node_modules/.1.6.3@cluster-client/lib/leader.js:71:23)
    at ontimeout (timers.js:386:14)
    at tryOnTimeout (timers.js:250:5)
    at Timer.listOnTimeout (timers.js:214:5)
name: 'ClusterClientNoResponseError'
pid: 35050
hostname: wusichaodeMacBook-Pro.local

2017-05-06 16:46:43,998 ERROR 35050 nodejs.ClusterClientNoResponseError: client no response in 565955ms exceeding maxIdleTime 30000ms, maybe the connection is close on other side.
    at Timeout.Leader._heartbeatTimer.setInterval [as _onTimeout] (/Users/wscart/Sites/node/eggcms/node_modules/.1.6.3@cluster-client/lib/leader.js:71:23)
    at ontimeout (timers.js:386:14)
    at tryOnTimeout (timers.js:250:5)
    at Timer.listOnTimeout (timers.js:214:5)
name: 'ClusterClientNoResponseError'
pid: 35050
hostname: wusichaodeMacBook-Pro.local

2017-05-06 16:56:49,931 ERROR 35050 nodejs.ClusterClientNoResponseError: client no response in 565912ms exceeding maxIdleTime 30000ms, maybe the connection is close on other side.
    at Timeout.Leader._heartbeatTimer.setInterval [as _onTimeout] (/Users/wscart/Sites/node/eggcms/node_modules/.1.6.3@cluster-client/lib/leader.js:71:23)
    at ontimeout (timers.js:386:14)
    at tryOnTimeout (timers.js:250:5)
    at Timer.listOnTimeout (timers.js:214:5)
name: 'ClusterClientNoResponseError'
pid: 35050
hostname: wusichaodeMacBook-Pro.local

2017-05-06 17:06:54,915 ERROR 35050 nodejs.ClusterClientNoResponseError: client no response in 564955ms exceeding maxIdleTime 30000ms, maybe the connection is close on other side.
    at Timeout.Leader._heartbeatTimer.setInterval [as _onTimeout] (/Users/wscart/Sites/node/eggcms/node_modules/.1.6.3@cluster-client/lib/leader.js:71:23)
    at ontimeout (timers.js:386:14)
    at tryOnTimeout (timers.js:250:5)
    at Timer.listOnTimeout (timers.js:214:5)
name: 'ClusterClientNoResponseError'
pid: 35050
hostname: wusichaodeMacBook-Pro.local

2017-05-06 17:17:10,913 ERROR 35050 nodejs.ClusterClientNoResponseError: client no response in 565977ms exceeding maxIdleTime 30000ms, maybe the connection is close on other side.
    at Timeout.Leader._heartbeatTimer.setInterval [as _onTimeout] (/Users/wscart/Sites/node/eggcms/node_modules/.1.6.3@cluster-client/lib/leader.js:71:23)
    at ontimeout (timers.js:386:14)
    at tryOnTimeout (timers.js:250:5)
    at Timer.listOnTimeout (timers.js:214:5)
name: 'ClusterClientNoResponseError'
pid: 35050
hostname: wusichaodeMacBook-Pro.local

2017-05-06 17:27:16,176 ERROR 35050 nodejs.ClusterClientNoResponseError: client no response in 565230ms exceeding maxIdleTime 30000ms, maybe the connection is close on other side.
    at Timeout.Leader._heartbeatTimer.setInterval [as _onTimeout] (/Users/wscart/Sites/node/eggcms/node_modules/.1.6.3@cluster-client/lib/leader.js:71:23)
    at ontimeout (timers.js:386:14)
    at tryOnTimeout (timers.js:250:5)
    at Timer.listOnTimeout (timers.js:214:5)
name: 'ClusterClientNoResponseError'
pid: 35050
hostname: wusichaodeMacBook-Pro.local

2017-05-06 17:37:22,116 ERROR 35050 nodejs.ClusterClientNoResponseError: client no response in 565915ms exceeding maxIdleTime 30000ms, maybe the connection is close on other side.
    at Timeout.Leader._heartbeatTimer.setInterval [as _onTimeout] (/Users/wscart/Sites/node/eggcms/node_modules/.1.6.3@cluster-client/lib/leader.js:71:23)
    at ontimeout (timers.js:386:14)
    at tryOnTimeout (timers.js:250:5)
    at Timer.listOnTimeout (timers.js:214:5)
name: 'ClusterClientNoResponseError'
pid: 35050
hostname: wusichaodeMacBook-Pro.local

2017-05-06 17:47:38,103 ERROR 35050 nodejs.ClusterClientNoResponseError: client no response in 565958ms exceeding maxIdleTime 30000ms, maybe the connection is close on other side.
    at Timeout.Leader._heartbeatTimer.setInterval [as _onTimeout] (/Users/wscart/Sites/node/eggcms/node_modules/.1.6.3@cluster-client/lib/leader.js:71:23)
    at ontimeout (timers.js:386:14)
    at tryOnTimeout (timers.js:250:5)
    at Timer.listOnTimeout (timers.js:214:5)
name: 'ClusterClientNoResponseError'
pid: 35050
hostname: wusichaodeMacBook-Pro.local

2017-05-06 17:57:44,100 ERROR 35050 nodejs.ClusterClientNoResponseError: client no response in 565982ms exceeding maxIdleTime 30000ms, maybe the connection is close on other side.
    at Timeout.Leader._heartbeatTimer.setInterval [as _onTimeout] (/Users/wscart/Sites/node/eggcms/node_modules/.1.6.3@cluster-client/lib/leader.js:71:23)
    at ontimeout (timers.js:386:14)
    at tryOnTimeout (timers.js:250:5)
    at Timer.listOnTimeout (timers.js:214:5)
name: 'ClusterClientNoResponseError'
pid: 35050
hostname: wusichaodeMacBook-Pro.local

2017-05-06 18:07:49,090 ERROR 35050 nodejs.ClusterClientNoResponseError: client no response in 564966ms exceeding maxIdleTime 30000ms, maybe the connection is close on other side.
    at Timeout.Leader._heartbeatTimer.setInterval [as _onTimeout] (/Users/wscart/Sites/node/eggcms/node_modules/.1.6.3@cluster-client/lib/leader.js:71:23)
    at ontimeout (timers.js:386:14)
    at tryOnTimeout (timers.js:250:5)
    at Timer.listOnTimeout (timers.js:214:5)
name: 'ClusterClientNoResponseError'
pid: 35050
hostname: wusichaodeMacBook-Pro.local

2017-05-06 18:17:56,002 ERROR 35050 nodejs.ClusterClientNoResponseError: client no response in 566888ms exceeding maxIdleTime 30000ms, maybe the connection is close on other side.
    at Timeout.Leader._heartbeatTimer.setInterval [as _onTimeout] (/Users/wscart/Sites/node/eggcms/node_modules/.1.6.3@cluster-client/lib/leader.js:71:23)
    at ontimeout (timers.js:386:14)
    at tryOnTimeout (timers.js:250:5)
    at Timer.listOnTimeout (timers.js:214:5)
name: 'ClusterClientNoResponseError'
pid: 35050
hostname: wusichaodeMacBook-Pro.local

2017-05-06 18:38:17,143 ERROR 35050 nodejs.ClusterClientNoResponseError: client no response in 564884ms exceeding maxIdleTime 30000ms, maybe the connection is close on other side.
    at Timeout.Leader._heartbeatTimer.setInterval [as _onTimeout] (/Users/wscart/Sites/node/eggcms/node_modules/.1.6.3@cluster-client/lib/leader.js:71:23)
    at ontimeout (timers.js:386:14)
    at tryOnTimeout (timers.js:250:5)
    at Timer.listOnTimeout (timers.js:214:5)
name: 'ClusterClientNoResponseError'
pid: 35050
hostname: wusichaodeMacBook-Pro.local

2017-05-06 18:41:49,001 ERROR 35050 nodejs.ClusterClientNoResponseError: client no response in 171840ms exceeding maxIdleTime 30000ms, maybe the connection is close on other side.
    at Timeout.Leader._heartbeatTimer.setInterval [as _onTimeout] (/Users/wscart/Sites/node/eggcms/node_modules/.1.6.3@cluster-client/lib/leader.js:71:23)
    at ontimeout (timers.js:386:14)
    at tryOnTimeout (timers.js:250:5)
    at Timer.listOnTimeout (timers.js:214:5)
name: 'ClusterClientNoResponseError'
pid: 35050
hostname: wusichaodeMacBook-Pro.local

2017-05-06 18:51:25,109 ERROR 35050 nodejs.ClusterClientNoResponseError: client no response in 566099ms exceeding maxIdleTime 30000ms, maybe the connection is close on other side.
    at Timeout.Leader._heartbeatTimer.setInterval [as _onTimeout] (/Users/wscart/Sites/node/eggcms/node_modules/.1.6.3@cluster-client/lib/leader.js:71:23)
    at ontimeout (timers.js:386:14)
    at tryOnTimeout (timers.js:250:5)
    at Timer.listOnTimeout (timers.js:214:5)
name: 'ClusterClientNoResponseError'
pid: 35050
hostname: wusichaodeMacBook-Pro.local

2017-05-06 19:02:21,601 ERROR 35050 nodejs.ClusterClientNoResponseError: client no response in 613588ms exceeding maxIdleTime 30000ms, maybe the connection is close on other side.
    at Timeout.Leader._heartbeatTimer.setInterval [as _onTimeout] (/Users/wscart/Sites/node/eggcms/node_modules/.1.6.3@cluster-client/lib/leader.js:71:23)
    at ontimeout (timers.js:386:14)
    at tryOnTimeout (timers.js:250:5)
    at Timer.listOnTimeout (timers.js:214:5)
name: 'ClusterClientNoResponseError'
pid: 35050
hostname: wusichaodeMacBook-Pro.local

2017-05-06 19:12:17,167 ERROR 35050 nodejs.ClusterClientNoResponseError: client no response in 565509ms exceeding maxIdleTime 30000ms, maybe the connection is close on other side.
    at Timeout.Leader._heartbeatTimer.setInterval [as _onTimeout] (/Users/wscart/Sites/node/eggcms/node_modules/.1.6.3@cluster-client/lib/leader.js:71:23)
    at ontimeout (timers.js:386:14)
    at tryOnTimeout (timers.js:250:5)
    at Timer.listOnTimeout (timers.js:214:5)
name: 'ClusterClientNoResponseError'
pid: 35050
hostname: wusichaodeMacBook-Pro.local

2017-05-06 19:32:08,785 ERROR 35050 nodejs.ClusterClientNoResponseError: client no response in 566410ms exceeding maxIdleTime 30000ms, maybe the connection is close on other side.
    at Timeout.Leader._heartbeatTimer.setInterval [as _onTimeout] (/Users/wscart/Sites/node/eggcms/node_modules/.1.6.3@cluster-client/lib/leader.js:71:23)
    at ontimeout (timers.js:386:14)
    at tryOnTimeout (timers.js:250:5)
    at Timer.listOnTimeout (timers.js:214:5)
name: 'ClusterClientNoResponseError'
pid: 35050
hostname: wusichaodeMacBook-Pro.local

2017-05-06 19:42:05,674 ERROR 35050 nodejs.ClusterClientNoResponseError: client no response in 566857ms exceeding maxIdleTime 30000ms, maybe the connection is close on other side.
    at Timeout.Leader._heartbeatTimer.setInterval [as _onTimeout] (/Users/wscart/Sites/node/eggcms/node_modules/.1.6.3@cluster-client/lib/leader.js:71:23)
    at ontimeout (timers.js:386:14)
    at tryOnTimeout (timers.js:250:5)
    at Timer.listOnTimeout (timers.js:214:5)
name: 'ClusterClientNoResponseError'
pid: 35050
hostname: wusichaodeMacBook-Pro.local

2017-05-06 19:51:52,001 ERROR 35050 nodejs.ClusterClientNoResponseError: client no response in 566305ms exceeding maxIdleTime 30000ms, maybe the connection is close on other side.
    at Timeout.Leader._heartbeatTimer.setInterval [as _onTimeout] (/Users/wscart/Sites/node/eggcms/node_modules/.1.6.3@cluster-client/lib/leader.js:71:23)
    at ontimeout (timers.js:386:14)
    at tryOnTimeout (timers.js:250:5)
    at Timer.listOnTimeout (timers.js:214:5)
name: 'ClusterClientNoResponseError'
pid: 35050
hostname: wusichaodeMacBook-Pro.local

2017-05-06 20:01:47,935 ERROR 35050 nodejs.ClusterClientNoResponseError: client no response in 565903ms exceeding maxIdleTime 30000ms, maybe the connection is close on other side.
    at Timeout.Leader._heartbeatTimer.setInterval [as _onTimeout] (/Users/wscart/Sites/node/eggcms/node_modules/.1.6.3@cluster-client/lib/leader.js:71:23)
    at ontimeout (timers.js:386:14)
    at tryOnTimeout (timers.js:250:5)
    at Timer.listOnTimeout (timers.js:214:5)
name: 'ClusterClientNoResponseError'
pid: 35050
hostname: wusichaodeMacBook-Pro.local

2017-05-06 20:21:39,334 ERROR 35050 nodejs.ClusterClientNoResponseError: client no response in 566193ms exceeding maxIdleTime 30000ms, maybe the connection is close on other side.
    at Timeout.Leader._heartbeatTimer.setInterval [as _onTimeout] (/Users/wscart/Sites/node/eggcms/node_modules/.1.6.3@cluster-client/lib/leader.js:71:23)
    at ontimeout (timers.js:386:14)
    at tryOnTimeout (timers.js:250:5)
    at Timer.listOnTimeout (timers.js:214:5)
name: 'ClusterClientNoResponseError'
pid: 35050
hostname: wusichaodeMacBook-Pro.local

2017-05-06 20:31:34,296 ERROR 35050 nodejs.ClusterClientNoResponseError: client no response in 564922ms exceeding maxIdleTime 30000ms, maybe the connection is close on other side.
    at Timeout.Leader._heartbeatTimer.setInterval [as _onTimeout] (/Users/wscart/Sites/node/eggcms/node_modules/.1.6.3@cluster-client/lib/leader.js:71:23)
    at ontimeout (timers.js:386:14)
    at tryOnTimeout (timers.js:250:5)
    at Timer.listOnTimeout (timers.js:214:5)
name: 'ClusterClientNoResponseError'
pid: 35050
hostname: wusichaodeMacBook-Pro.local

2017-05-06 20:51:17,002 ERROR 35050 nodejs.ClusterClientNoResponseError: client no response in 566491ms exceeding maxIdleTime 30000ms, maybe the connection is close on other side.
    at Timeout.Leader._heartbeatTimer.setInterval [as _onTimeout] (/Users/wscart/Sites/node/eggcms/node_modules/.1.6.3@cluster-client/lib/leader.js:71:23)
    at ontimeout (timers.js:386:14)
    at tryOnTimeout (timers.js:250:5)
    at Timer.listOnTimeout (timers.js:214:5)
name: 'ClusterClientNoResponseError'
pid: 35050
hostname: wusichaodeMacBook-Pro.local

2017-05-06 21:01:11,884 ERROR 35050 nodejs.ClusterClientNoResponseError: client no response in 564859ms exceeding maxIdleTime 30000ms, maybe the connection is close on other side.
    at Timeout.Leader._heartbeatTimer.setInterval [as _onTimeout] (/Users/wscart/Sites/node/eggcms/node_modules/.1.6.3@cluster-client/lib/leader.js:71:23)
    at ontimeout (timers.js:386:14)
    at tryOnTimeout (timers.js:250:5)
    at Timer.listOnTimeout (timers.js:214:5)
name: 'ClusterClientNoResponseError'
pid: 35050
hostname: wusichaodeMacBook-Pro.local

2017-05-06 21:11:07,763 ERROR 35050 nodejs.ClusterClientNoResponseError: client no response in 565865ms exceeding maxIdleTime 30000ms, maybe the connection is close on other side.
    at Timeout.Leader._heartbeatTimer.setInterval [as _onTimeout] (/Users/wscart/Sites/node/eggcms/node_modules/.1.6.3@cluster-client/lib/leader.js:71:23)
    at ontimeout (timers.js:386:14)
    at tryOnTimeout (timers.js:250:5)
    at Timer.listOnTimeout (timers.js:214:5)
name: 'ClusterClientNoResponseError'
pid: 35050
hostname: wusichaodeMacBook-Pro.local

2017-05-06 21:21:03,963 ERROR 35050 nodejs.ClusterClientNoResponseError: client no response in 566185ms exceeding maxIdleTime 30000ms, maybe the connection is close on other side.
    at Timeout.Leader._heartbeatTimer.setInterval [as _onTimeout] (/Users/wscart/Sites/node/eggcms/node_modules/.1.6.3@cluster-client/lib/leader.js:71:23)
    at ontimeout (timers.js:386:14)
    at tryOnTimeout (timers.js:250:5)
    at Timer.listOnTimeout (timers.js:214:5)
name: 'ClusterClientNoResponseError'
pid: 35050
hostname: wusichaodeMacBook-Pro.local

2017-05-06 21:30:58,898 ERROR 35050 nodejs.ClusterClientNoResponseError: client no response in 564915ms exceeding maxIdleTime 30000ms, maybe the connection is close on other side.
    at Timeout.Leader._heartbeatTimer.setInterval [as _onTimeout] (/Users/wscart/Sites/node/eggcms/node_modules/.1.6.3@cluster-client/lib/leader.js:71:23)
    at ontimeout (timers.js:386:14)
    at tryOnTimeout (timers.js:250:5)
    at Timer.listOnTimeout (timers.js:214:5)
name: 'ClusterClientNoResponseError'
pid: 35050
hostname: wusichaodeMacBook-Pro.local

2017-05-06 21:40:54,756 ERROR 35050 nodejs.ClusterClientNoResponseError: client no response in 565849ms exceeding maxIdleTime 30000ms, maybe the connection is close on other side.
    at Timeout.Leader._heartbeatTimer.setInterval [as _onTimeout] (/Users/wscart/Sites/node/eggcms/node_modules/.1.6.3@cluster-client/lib/leader.js:71:23)
    at ontimeout (timers.js:386:14)
    at tryOnTimeout (timers.js:250:5)
    at Timer.listOnTimeout (timers.js:214:5)
name: 'ClusterClientNoResponseError'
pid: 35050
hostname: wusichaodeMacBook-Pro.local

2017-05-06 21:50:50,696 ERROR 35050 nodejs.ClusterClientNoResponseError: client no response in 565918ms exceeding maxIdleTime 30000ms, maybe the connection is close on other side.
    at Timeout.Leader._heartbeatTimer.setInterval [as _onTimeout] (/Users/wscart/Sites/node/eggcms/node_modules/.1.6.3@cluster-client/lib/leader.js:71:23)
    at ontimeout (timers.js:386:14)
    at tryOnTimeout (timers.js:250:5)
    at Timer.listOnTimeout (timers.js:214:5)
name: 'ClusterClientNoResponseError'
pid: 35050
hostname: wusichaodeMacBook-Pro.local

2017-05-06 22:00:46,561 ERROR 35050 nodejs.ClusterClientNoResponseError: client no response in 565844ms exceeding maxIdleTime 30000ms, maybe the connection is close on other side.
    at Timeout.Leader._heartbeatTimer.setInterval [as _onTimeout] (/Users/wscart/Sites/node/eggcms/node_modules/.1.6.3@cluster-client/lib/leader.js:71:23)
    at ontimeout (timers.js:386:14)
    at tryOnTimeout (timers.js:250:5)
    at Timer.listOnTimeout (timers.js:214:5)
name: 'ClusterClientNoResponseError'
pid: 35050
hostname: wusichaodeMacBook-Pro.local

2017-05-06 22:10:32,002 ERROR 35050 nodejs.ClusterClientNoResponseError: client no response in 565417ms exceeding maxIdleTime 30000ms, maybe the connection is close on other side.
    at Timeout.Leader._heartbeatTimer.setInterval [as _onTimeout] (/Users/wscart/Sites/node/eggcms/node_modules/.1.6.3@cluster-client/lib/leader.js:71:23)
    at ontimeout (timers.js:386:14)
    at tryOnTimeout (timers.js:250:5)
    at Timer.listOnTimeout (timers.js:214:5)
name: 'ClusterClientNoResponseError'
pid: 35050
hostname: wusichaodeMacBook-Pro.local

2017-05-06 22:20:28,144 ERROR 35050 nodejs.ClusterClientNoResponseError: client no response in 566121ms exceeding maxIdleTime 30000ms, maybe the connection is close on other side.
    at Timeout.Leader._heartbeatTimer.setInterval [as _onTimeout] (/Users/wscart/Sites/node/eggcms/node_modules/.1.6.3@cluster-client/lib/leader.js:71:23)
    at ontimeout (timers.js:386:14)
    at tryOnTimeout (timers.js:250:5)
    at Timer.listOnTimeout (timers.js:214:5)
name: 'ClusterClientNoResponseError'
pid: 35050
hostname: wusichaodeMacBook-Pro.local

2017-05-06 22:30:25,045 ERROR 35050 nodejs.ClusterClientNoResponseError: client no response in 566875ms exceeding maxIdleTime 30000ms, maybe the connection is close on other side.
    at Timeout.Leader._heartbeatTimer.setInterval [as _onTimeout] (/Users/wscart/Sites/node/eggcms/node_modules/.1.6.3@cluster-client/lib/leader.js:71:23)
    at ontimeout (timers.js:386:14)
    at tryOnTimeout (timers.js:250:5)
    at Timer.listOnTimeout (timers.js:214:5)
name: 'ClusterClientNoResponseError'
pid: 35050
hostname: wusichaodeMacBook-Pro.local

2017-05-06 22:40:20,965 ERROR 35050 nodejs.ClusterClientNoResponseError: client no response in 565891ms exceeding maxIdleTime 30000ms, maybe the connection is close on other side.
    at Timeout.Leader._heartbeatTimer.setInterval [as _onTimeout] (/Users/wscart/Sites/node/eggcms/node_modules/.1.6.3@cluster-client/lib/leader.js:71:23)
    at ontimeout (timers.js:386:14)
    at tryOnTimeout (timers.js:250:5)
    at Timer.listOnTimeout (timers.js:214:5)
name: 'ClusterClientNoResponseError'
pid: 35050
hostname: wusichaodeMacBook-Pro.local

2017-05-06 22:50:16,922 ERROR 35050 nodejs.ClusterClientNoResponseError: client no response in 565939ms exceeding maxIdleTime 30000ms, maybe the connection is close on other side.
    at Timeout.Leader._heartbeatTimer.setInterval [as _onTimeout] (/Users/wscart/Sites/node/eggcms/node_modules/.1.6.3@cluster-client/lib/leader.js:71:23)
    at ontimeout (timers.js:386:14)
    at tryOnTimeout (timers.js:250:5)
    at Timer.listOnTimeout (timers.js:214:5)
name: 'ClusterClientNoResponseError'
pid: 35050
hostname: wusichaodeMacBook-Pro.local

2017-05-06 23:00:03,002 ERROR 35050 nodejs.ClusterClientNoResponseError: client no response in 566061ms exceeding maxIdleTime 30000ms, maybe the connection is close on other side.
    at Timeout.Leader._heartbeatTimer.setInterval [as _onTimeout] (/Users/wscart/Sites/node/eggcms/node_modules/.1.6.3@cluster-client/lib/leader.js:71:23)
    at ontimeout (timers.js:386:14)
    at tryOnTimeout (timers.js:250:5)
    at Timer.listOnTimeout (timers.js:214:5)
name: 'ClusterClientNoResponseError'
pid: 35050
hostname: wusichaodeMacBook-Pro.local

2017-05-06 23:09:58,919 ERROR 35050 nodejs.ClusterClientNoResponseError: client no response in 565897ms exceeding maxIdleTime 30000ms, maybe the connection is close on other side.
    at Timeout.Leader._heartbeatTimer.setInterval [as _onTimeout] (/Users/wscart/Sites/node/eggcms/node_modules/.1.6.3@cluster-client/lib/leader.js:71:23)
    at ontimeout (timers.js:386:14)
    at tryOnTimeout (timers.js:250:5)
    at Timer.listOnTimeout (timers.js:214:5)
name: 'ClusterClientNoResponseError'
pid: 35050
hostname: wusichaodeMacBook-Pro.local

2017-05-06 23:19:55,097 ERROR 35050 nodejs.ClusterClientNoResponseError: client no response in 566156ms exceeding maxIdleTime 30000ms, maybe the connection is close on other side.
    at Timeout.Leader._heartbeatTimer.setInterval [as _onTimeout] (/Users/wscart/Sites/node/eggcms/node_modules/.1.6.3@cluster-client/lib/leader.js:71:23)
    at ontimeout (timers.js:386:14)
    at tryOnTimeout (timers.js:250:5)
    at Timer.listOnTimeout (timers.js:214:5)
name: 'ClusterClientNoResponseError'
pid: 35050
hostname: wusichaodeMacBook-Pro.local

2017-05-06 23:29:49,972 ERROR 35050 nodejs.ClusterClientNoResponseError: client no response in 564859ms exceeding maxIdleTime 30000ms, maybe the connection is close on other side.
    at Timeout.Leader._heartbeatTimer.setInterval [as _onTimeout] (/Users/wscart/Sites/node/eggcms/node_modules/.1.6.3@cluster-client/lib/leader.js:71:23)
    at ontimeout (timers.js:386:14)
    at tryOnTimeout (timers.js:250:5)
    at Timer.listOnTimeout (timers.js:214:5)
name: 'ClusterClientNoResponseError'
pid: 35050
hostname: wusichaodeMacBook-Pro.local

2017-05-06 23:39:45,912 ERROR 35050 nodejs.ClusterClientNoResponseError: client no response in 565913ms exceeding maxIdleTime 30000ms, maybe the connection is close on other side.
    at Timeout.Leader._heartbeatTimer.setInterval [as _onTimeout] (/Users/wscart/Sites/node/eggcms/node_modules/.1.6.3@cluster-client/lib/leader.js:71:23)
    at ontimeout (timers.js:386:14)
    at tryOnTimeout (timers.js:250:5)
    at Timer.listOnTimeout (timers.js:214:5)
name: 'ClusterClientNoResponseError'
pid: 35050
hostname: wusichaodeMacBook-Pro.local

2017-05-06 23:49:34,145 ERROR 35050 nodejs.ClusterClientNoResponseError: client no response in 567070ms exceeding maxIdleTime 30000ms, maybe the connection is close on other side.
    at Timeout.Leader._heartbeatTimer.setInterval [as _onTimeout] (/Users/wscart/Sites/node/eggcms/node_modules/.1.6.3@cluster-client/lib/leader.js:71:23)
    at ontimeout (timers.js:386:14)
    at tryOnTimeout (timers.js:250:5)
    at Timer.listOnTimeout (timers.js:214:5)
name: 'ClusterClientNoResponseError'
pid: 35050
hostname: wusichaodeMacBook-Pro.local

2017-05-06 23:59:29,341 ERROR 35050 nodejs.ClusterClientNoResponseError: client no response in 565178ms exceeding maxIdleTime 30000ms, maybe the connection is close on other side.
    at Timeout.Leader._heartbeatTimer.setInterval [as _onTimeout] (/Users/wscart/Sites/node/eggcms/node_modules/.1.6.3@cluster-client/lib/leader.js:71:23)
    at ontimeout (timers.js:386:14)
    at tryOnTimeout (timers.js:250:5)
    at Timer.listOnTimeout (timers.js:214:5)
name: 'ClusterClientNoResponseError'
pid: 35050
hostname: wusichaodeMacBook-Pro.local

2017-05-07 00:07:49,289 ERROR 35050 nodejs.ClusterClientNoResponseError: client no response in 469936ms exceeding maxIdleTime 30000ms, maybe the connection is close on other side.
    at Timeout.Leader._heartbeatTimer.setInterval [as _onTimeout] (/Users/wscart/Sites/node/eggcms/node_modules/.1.6.3@cluster-client/lib/leader.js:71:23)
    at ontimeout (timers.js:386:14)
    at tryOnTimeout (timers.js:250:5)
    at Timer.listOnTimeout (timers.js:214:5)
name: 'ClusterClientNoResponseError'
pid: 35050
hostname: wusichaodeMacBook-Pro.local

2017-05-07 00:35:52,414 ERROR 37183 nodejs.ClusterClientNoResponseError: client no response in 36761ms exceeding maxIdleTime 30000ms, maybe the connection is close on other side.
    at Timeout.Leader._heartbeatTimer.setInterval [as _onTimeout] (/Users/wscart/Sites/node/eggcms/node_modules/.1.6.3@cluster-client/lib/leader.js:71:23)
    at ontimeout (timers.js:386:14)
    at tryOnTimeout (timers.js:250:5)
    at Timer.listOnTimeout (timers.js:214:5)
name: 'ClusterClientNoResponseError'
pid: 37183
hostname: wusichaodeMacBook-Pro.local

2017-05-07 00:43:32,007 ERROR 37183 nodejs.ClusterClientNoResponseError: client no response in 109507ms exceeding maxIdleTime 30000ms, maybe the connection is close on other side.
    at Timeout.Leader._heartbeatTimer.setInterval [as _onTimeout] (/Users/wscart/Sites/node/eggcms/node_modules/.1.6.3@cluster-client/lib/leader.js:71:23)
    at ontimeout (timers.js:386:14)
    at tryOnTimeout (timers.js:250:5)
    at Timer.listOnTimeout (timers.js:214:5)
name: 'ClusterClientNoResponseError'
pid: 37183
hostname: wusichaodeMacBook-Pro.local

2017-05-07 03:13:09,895 ERROR 37183 nodejs.ClusterClientNoResponseError: client no response in 564125ms exceeding maxIdleTime 30000ms, maybe the connection is close on other side.
    at Timeout.Leader._heartbeatTimer.setInterval [as _onTimeout] (/Users/wscart/Sites/node/eggcms/node_modules/.1.6.3@cluster-client/lib/leader.js:71:23)
    at ontimeout (timers.js:386:14)
    at tryOnTimeout (timers.js:250:5)
    at Timer.listOnTimeout (timers.js:214:5)
name: 'ClusterClientNoResponseError'
pid: 37183
hostname: wusichaodeMacBook-Pro.local

2017-05-07 03:23:15,966 ERROR 37183 nodejs.ClusterClientNoResponseError: client no response in 566050ms exceeding maxIdleTime 30000ms, maybe the connection is close on other side.
    at Timeout.Leader._heartbeatTimer.setInterval [as _onTimeout] (/Users/wscart/Sites/node/eggcms/node_modules/.1.6.3@cluster-client/lib/leader.js:71:23)
    at ontimeout (timers.js:386:14)
    at tryOnTimeout (timers.js:250:5)
    at Timer.listOnTimeout (timers.js:214:5)
name: 'ClusterClientNoResponseError'
pid: 37183
hostname: wusichaodeMacBook-Pro.local

2017-05-07 03:33:23,002 ERROR 37183 nodejs.ClusterClientNoResponseError: client no response in 567009ms exceeding maxIdleTime 30000ms, maybe the connection is close on other side.
    at Timeout.Leader._heartbeatTimer.setInterval [as _onTimeout] (/Users/wscart/Sites/node/eggcms/node_modules/.1.6.3@cluster-client/lib/leader.js:71:23)
    at ontimeout (timers.js:386:14)
    at tryOnTimeout (timers.js:250:5)
    at Timer.listOnTimeout (timers.js:214:5)
name: 'ClusterClientNoResponseError'
pid: 37183
hostname: wusichaodeMacBook-Pro.local

2017-05-07 03:43:38,815 ERROR 37183 nodejs.ClusterClientNoResponseError: client no response in 565784ms exceeding maxIdleTime 30000ms, maybe the connection is close on other side.
    at Timeout.Leader._heartbeatTimer.setInterval [as _onTimeout] (/Users/wscart/Sites/node/eggcms/node_modules/.1.6.3@cluster-client/lib/leader.js:71:23)
    at ontimeout (timers.js:386:14)
    at tryOnTimeout (timers.js:250:5)
    at Timer.listOnTimeout (timers.js:214:5)
name: 'ClusterClientNoResponseError'
pid: 37183
hostname: wusichaodeMacBook-Pro.local

2017-05-07 03:53:44,575 ERROR 37183 nodejs.ClusterClientNoResponseError: client no response in 565724ms exceeding maxIdleTime 30000ms, maybe the connection is close on other side.
    at Timeout.Leader._heartbeatTimer.setInterval [as _onTimeout] (/Users/wscart/Sites/node/eggcms/node_modules/.1.6.3@cluster-client/lib/leader.js:71:23)
    at ontimeout (timers.js:386:14)
    at tryOnTimeout (timers.js:250:5)
    at Timer.listOnTimeout (timers.js:214:5)
name: 'ClusterClientNoResponseError'
pid: 37183
hostname: wusichaodeMacBook-Pro.local

2017-05-07 04:03:49,457 ERROR 37183 nodejs.ClusterClientNoResponseError: client no response in 564854ms exceeding maxIdleTime 30000ms, maybe the connection is close on other side.
    at Timeout.Leader._heartbeatTimer.setInterval [as _onTimeout] (/Users/wscart/Sites/node/eggcms/node_modules/.1.6.3@cluster-client/lib/leader.js:71:23)
    at ontimeout (timers.js:386:14)
    at tryOnTimeout (timers.js:250:5)
    at Timer.listOnTimeout (timers.js:214:5)
name: 'ClusterClientNoResponseError'
pid: 37183
hostname: wusichaodeMacBook-Pro.local

2017-05-07 04:34:16,363 ERROR 37183 nodejs.ClusterClientNoResponseError: client no response in 564862ms exceeding maxIdleTime 30000ms, maybe the connection is close on other side.
    at Timeout.Leader._heartbeatTimer.setInterval [as _onTimeout] (/Users/wscart/Sites/node/eggcms/node_modules/.1.6.3@cluster-client/lib/leader.js:71:23)
    at ontimeout (timers.js:386:14)
    at tryOnTimeout (timers.js:250:5)
    at Timer.listOnTimeout (timers.js:214:5)
name: 'ClusterClientNoResponseError'
pid: 37183
hostname: wusichaodeMacBook-Pro.local

2017-05-07 04:44:32,247 ERROR 37183 nodejs.ClusterClientNoResponseError: client no response in 565853ms exceeding maxIdleTime 30000ms, maybe the connection is close on other side.
    at Timeout.Leader._heartbeatTimer.setInterval [as _onTimeout] (/Users/wscart/Sites/node/eggcms/node_modules/.1.6.3@cluster-client/lib/leader.js:71:23)
    at ontimeout (timers.js:386:14)
    at tryOnTimeout (timers.js:250:5)
    at Timer.listOnTimeout (timers.js:214:5)
name: 'ClusterClientNoResponseError'
pid: 37183
hostname: wusichaodeMacBook-Pro.local

2017-05-07 04:54:38,135 ERROR 37183 nodejs.ClusterClientNoResponseError: client no response in 565861ms exceeding maxIdleTime 30000ms, maybe the connection is close on other side.
    at Timeout.Leader._heartbeatTimer.setInterval [as _onTimeout] (/Users/wscart/Sites/node/eggcms/node_modules/.1.6.3@cluster-client/lib/leader.js:71:23)
    at ontimeout (timers.js:386:14)
    at tryOnTimeout (timers.js:250:5)
    at Timer.listOnTimeout (timers.js:214:5)
name: 'ClusterClientNoResponseError'
pid: 37183
hostname: wusichaodeMacBook-Pro.local

2017-05-07 05:04:43,985 ERROR 37183 nodejs.ClusterClientNoResponseError: client no response in 565839ms exceeding maxIdleTime 30000ms, maybe the connection is close on other side.
    at Timeout.Leader._heartbeatTimer.setInterval [as _onTimeout] (/Users/wscart/Sites/node/eggcms/node_modules/.1.6.3@cluster-client/lib/leader.js:71:23)
    at ontimeout (timers.js:386:14)
    at tryOnTimeout (timers.js:250:5)
    at Timer.listOnTimeout (timers.js:214:5)
name: 'ClusterClientNoResponseError'
pid: 37183
hostname: wusichaodeMacBook-Pro.local

2017-05-07 05:14:59,850 ERROR 37183 nodejs.ClusterClientNoResponseError: client no response in 565838ms exceeding maxIdleTime 30000ms, maybe the connection is close on other side.
    at Timeout.Leader._heartbeatTimer.setInterval [as _onTimeout] (/Users/wscart/Sites/node/eggcms/node_modules/.1.6.3@cluster-client/lib/leader.js:71:23)
    at ontimeout (timers.js:386:14)
    at tryOnTimeout (timers.js:250:5)
    at Timer.listOnTimeout (timers.js:214:5)
name: 'ClusterClientNoResponseError'
pid: 37183
hostname: wusichaodeMacBook-Pro.local

2017-05-07 05:25:05,000 ERROR 37183 nodejs.ClusterClientNoResponseError: client no response in 565132ms exceeding maxIdleTime 30000ms, maybe the connection is close on other side.
    at Timeout.Leader._heartbeatTimer.setInterval [as _onTimeout] (/Users/wscart/Sites/node/eggcms/node_modules/.1.6.3@cluster-client/lib/leader.js:71:23)
    at ontimeout (timers.js:386:14)
    at tryOnTimeout (timers.js:250:5)
    at Timer.listOnTimeout (timers.js:214:5)
name: 'ClusterClientNoResponseError'
pid: 37183
hostname: wusichaodeMacBook-Pro.local

2017-05-07 05:35:10,823 ERROR 37183 nodejs.ClusterClientNoResponseError: client no response in 565786ms exceeding maxIdleTime 30000ms, maybe the connection is close on other side.
    at Timeout.Leader._heartbeatTimer.setInterval [as _onTimeout] (/Users/wscart/Sites/node/eggcms/node_modules/.1.6.3@cluster-client/lib/leader.js:71:23)
    at ontimeout (timers.js:386:14)
    at tryOnTimeout (timers.js:250:5)
    at Timer.listOnTimeout (timers.js:214:5)
name: 'ClusterClientNoResponseError'
pid: 37183
hostname: wusichaodeMacBook-Pro.local

2017-05-07 05:45:26,681 ERROR 37183 nodejs.ClusterClientNoResponseError: client no response in 565828ms exceeding maxIdleTime 30000ms, maybe the connection is close on other side.
    at Timeout.Leader._heartbeatTimer.setInterval [as _onTimeout] (/Users/wscart/Sites/node/eggcms/node_modules/.1.6.3@cluster-client/lib/leader.js:71:23)
    at ontimeout (timers.js:386:14)
    at tryOnTimeout (timers.js:250:5)
    at Timer.listOnTimeout (timers.js:214:5)
name: 'ClusterClientNoResponseError'
pid: 37183
hostname: wusichaodeMacBook-Pro.local

2017-05-07 05:55:32,566 ERROR 37183 nodejs.ClusterClientNoResponseError: client no response in 565853ms exceeding maxIdleTime 30000ms, maybe the connection is close on other side.
    at Timeout.Leader._heartbeatTimer.setInterval [as _onTimeout] (/Users/wscart/Sites/node/eggcms/node_modules/.1.6.3@cluster-client/lib/leader.js:71:23)
    at ontimeout (timers.js:386:14)
    at tryOnTimeout (timers.js:250:5)
    at Timer.listOnTimeout (timers.js:214:5)
name: 'ClusterClientNoResponseError'
pid: 37183
hostname: wusichaodeMacBook-Pro.local

2017-05-07 06:05:38,448 ERROR 37183 nodejs.ClusterClientNoResponseError: client no response in 565848ms exceeding maxIdleTime 30000ms, maybe the connection is close on other side.
    at Timeout.Leader._heartbeatTimer.setInterval [as _onTimeout] (/Users/wscart/Sites/node/eggcms/node_modules/.1.6.3@cluster-client/lib/leader.js:71:23)
    at ontimeout (timers.js:386:14)
    at tryOnTimeout (timers.js:250:5)
    at Timer.listOnTimeout (timers.js:214:5)
name: 'ClusterClientNoResponseError'
pid: 37183
hostname: wusichaodeMacBook-Pro.local

2017-05-07 06:25:59,438 ERROR 37183 nodejs.ClusterClientNoResponseError: client no response in 564396ms exceeding maxIdleTime 30000ms, maybe the connection is close on other side.
    at Timeout.Leader._heartbeatTimer.setInterval [as _onTimeout] (/Users/wscart/Sites/node/eggcms/node_modules/.1.6.3@cluster-client/lib/leader.js:71:23)
    at ontimeout (timers.js:386:14)
    at tryOnTimeout (timers.js:250:5)
    at Timer.listOnTimeout (timers.js:214:5)
name: 'ClusterClientNoResponseError'
pid: 37183
hostname: wusichaodeMacBook-Pro.local

2017-05-07 06:36:05,274 ERROR 37183 nodejs.ClusterClientNoResponseError: client no response in 565800ms exceeding maxIdleTime 30000ms, maybe the connection is close on other side.
    at Timeout.Leader._heartbeatTimer.setInterval [as _onTimeout] (/Users/wscart/Sites/node/eggcms/node_modules/.1.6.3@cluster-client/lib/leader.js:71:23)
    at ontimeout (timers.js:386:14)
    at tryOnTimeout (timers.js:250:5)
    at Timer.listOnTimeout (timers.js:214:5)
name: 'ClusterClientNoResponseError'
pid: 37183
hostname: wusichaodeMacBook-Pro.local

2017-05-07 06:46:20,196 ERROR 37183 nodejs.ClusterClientNoResponseError: client no response in 564880ms exceeding maxIdleTime 30000ms, maybe the connection is close on other side.
    at Timeout.Leader._heartbeatTimer.setInterval [as _onTimeout] (/Users/wscart/Sites/node/eggcms/node_modules/.1.6.3@cluster-client/lib/leader.js:71:23)
    at ontimeout (timers.js:386:14)
    at tryOnTimeout (timers.js:250:5)
    at Timer.listOnTimeout (timers.js:214:5)
name: 'ClusterClientNoResponseError'
pid: 37183
hostname: wusichaodeMacBook-Pro.local

2017-05-07 06:56:26,071 ERROR 37183 nodejs.ClusterClientNoResponseError: client no response in 565838ms exceeding maxIdleTime 30000ms, maybe the connection is close on other side.
    at Timeout.Leader._heartbeatTimer.setInterval [as _onTimeout] (/Users/wscart/Sites/node/eggcms/node_modules/.1.6.3@cluster-client/lib/leader.js:71:23)
    at ontimeout (timers.js:386:14)
    at tryOnTimeout (timers.js:250:5)
    at Timer.listOnTimeout (timers.js:214:5)
name: 'ClusterClientNoResponseError'
pid: 37183
hostname: wusichaodeMacBook-Pro.local

2017-05-07 07:06:31,950 ERROR 37183 nodejs.ClusterClientNoResponseError: client no response in 565848ms exceeding maxIdleTime 30000ms, maybe the connection is close on other side.
    at Timeout.Leader._heartbeatTimer.setInterval [as _onTimeout] (/Users/wscart/Sites/node/eggcms/node_modules/.1.6.3@cluster-client/lib/leader.js:71:23)
    at ontimeout (timers.js:386:14)
    at tryOnTimeout (timers.js:250:5)
    at Timer.listOnTimeout (timers.js:214:5)
name: 'ClusterClientNoResponseError'
pid: 37183
hostname: wusichaodeMacBook-Pro.local

2017-05-07 07:16:39,002 ERROR 37183 nodejs.ClusterClientNoResponseError: client no response in 567036ms exceeding maxIdleTime 30000ms, maybe the connection is close on other side.
    at Timeout.Leader._heartbeatTimer.setInterval [as _onTimeout] (/Users/wscart/Sites/node/eggcms/node_modules/.1.6.3@cluster-client/lib/leader.js:71:23)
    at ontimeout (timers.js:386:14)
    at tryOnTimeout (timers.js:250:5)
    at Timer.listOnTimeout (timers.js:214:5)
name: 'ClusterClientNoResponseError'
pid: 37183
hostname: wusichaodeMacBook-Pro.local

2017-05-07 07:26:55,124 ERROR 37183 nodejs.ClusterClientNoResponseError: client no response in 566081ms exceeding maxIdleTime 30000ms, maybe the connection is close on other side.
    at Timeout.Leader._heartbeatTimer.setInterval [as _onTimeout] (/Users/wscart/Sites/node/eggcms/node_modules/.1.6.3@cluster-client/lib/leader.js:71:23)
    at ontimeout (timers.js:386:14)
    at tryOnTimeout (timers.js:250:5)
    at Timer.listOnTimeout (timers.js:214:5)
name: 'ClusterClientNoResponseError'
pid: 37183
hostname: wusichaodeMacBook-Pro.local

2017-05-07 07:37:00,983 ERROR 37183 nodejs.ClusterClientNoResponseError: client no response in 565829ms exceeding maxIdleTime 30000ms, maybe the connection is close on other side.
    at Timeout.Leader._heartbeatTimer.setInterval [as _onTimeout] (/Users/wscart/Sites/node/eggcms/node_modules/.1.6.3@cluster-client/lib/leader.js:71:23)
    at ontimeout (timers.js:386:14)
    at tryOnTimeout (timers.js:250:5)
    at Timer.listOnTimeout (timers.js:214:5)
name: 'ClusterClientNoResponseError'
pid: 37183
hostname: wusichaodeMacBook-Pro.local

2017-05-07 07:47:07,001 ERROR 37183 nodejs.ClusterClientNoResponseError: client no response in 565999ms exceeding maxIdleTime 30000ms, maybe the connection is close on other side.
    at Timeout.Leader._heartbeatTimer.setInterval [as _onTimeout] (/Users/wscart/Sites/node/eggcms/node_modules/.1.6.3@cluster-client/lib/leader.js:71:23)
    at ontimeout (timers.js:386:14)
    at tryOnTimeout (timers.js:250:5)
    at Timer.listOnTimeout (timers.js:214:5)
name: 'ClusterClientNoResponseError'
pid: 37183
hostname: wusichaodeMacBook-Pro.local

2017-05-07 07:57:22,879 ERROR 37183 nodejs.ClusterClientNoResponseError: client no response in 565848ms exceeding maxIdleTime 30000ms, maybe the connection is close on other side.
    at Timeout.Leader._heartbeatTimer.setInterval [as _onTimeout] (/Users/wscart/Sites/node/eggcms/node_modules/.1.6.3@cluster-client/lib/leader.js:71:23)
    at ontimeout (timers.js:386:14)
    at tryOnTimeout (timers.js:250:5)
    at Timer.listOnTimeout (timers.js:214:5)
name: 'ClusterClientNoResponseError'
pid: 37183
hostname: wusichaodeMacBook-Pro.local

2017-05-07 08:07:27,769 ERROR 37183 nodejs.ClusterClientNoResponseError: client no response in 564862ms exceeding maxIdleTime 30000ms, maybe the connection is close on other side.
    at Timeout.Leader._heartbeatTimer.setInterval [as _onTimeout] (/Users/wscart/Sites/node/eggcms/node_modules/.1.6.3@cluster-client/lib/leader.js:71:23)
    at ontimeout (timers.js:386:14)
    at tryOnTimeout (timers.js:250:5)
    at Timer.listOnTimeout (timers.js:214:5)
name: 'ClusterClientNoResponseError'
pid: 37183
hostname: wusichaodeMacBook-Pro.local

2017-05-07 08:17:33,635 ERROR 37183 nodejs.ClusterClientNoResponseError: client no response in 565836ms exceeding maxIdleTime 30000ms, maybe the connection is close on other side.
    at Timeout.Leader._heartbeatTimer.setInterval [as _onTimeout] (/Users/wscart/Sites/node/eggcms/node_modules/.1.6.3@cluster-client/lib/leader.js:71:23)
    at ontimeout (timers.js:386:14)
    at tryOnTimeout (timers.js:250:5)
    at Timer.listOnTimeout (timers.js:214:5)
name: 'ClusterClientNoResponseError'
pid: 37183
hostname: wusichaodeMacBook-Pro.local

2017-05-07 08:27:48,761 ERROR 37183 nodejs.ClusterClientNoResponseError: client no response in 565092ms exceeding maxIdleTime 30000ms, maybe the connection is close on other side.
    at Timeout.Leader._heartbeatTimer.setInterval [as _onTimeout] (/Users/wscart/Sites/node/eggcms/node_modules/.1.6.3@cluster-client/lib/leader.js:71:23)
    at ontimeout (timers.js:386:14)
    at tryOnTimeout (timers.js:250:5)
    at Timer.listOnTimeout (timers.js:214:5)
name: 'ClusterClientNoResponseError'
pid: 37183
hostname: wusichaodeMacBook-Pro.local

2017-05-07 08:48:00,438 ERROR 37183 nodejs.ClusterClientNoResponseError: client no response in 565789ms exceeding maxIdleTime 30000ms, maybe the connection is close on other side.
    at Timeout.Leader._heartbeatTimer.setInterval [as _onTimeout] (/Users/wscart/Sites/node/eggcms/node_modules/.1.6.3@cluster-client/lib/leader.js:71:23)
    at ontimeout (timers.js:386:14)
    at tryOnTimeout (timers.js:250:5)
    at Timer.listOnTimeout (timers.js:214:5)
name: 'ClusterClientNoResponseError'
pid: 37183
hostname: wusichaodeMacBook-Pro.local

2017-05-07 08:58:16,287 ERROR 37183 nodejs.ClusterClientNoResponseError: client no response in 565828ms exceeding maxIdleTime 30000ms, maybe the connection is close on other side.
    at Timeout.Leader._heartbeatTimer.setInterval [as _onTimeout] (/Users/wscart/Sites/node/eggcms/node_modules/.1.6.3@cluster-client/lib/leader.js:71:23)
    at ontimeout (timers.js:386:14)
    at tryOnTimeout (timers.js:250:5)
    at Timer.listOnTimeout (timers.js:214:5)
name: 'ClusterClientNoResponseError'
pid: 37183
hostname: wusichaodeMacBook-Pro.local

2017-05-07 09:08:22,149 ERROR 37183 nodejs.ClusterClientNoResponseError: client no response in 565820ms exceeding maxIdleTime 30000ms, maybe the connection is close on other side.
    at Timeout.Leader._heartbeatTimer.setInterval [as _onTimeout] (/Users/wscart/Sites/node/eggcms/node_modules/.1.6.3@cluster-client/lib/leader.js:71:23)
    at ontimeout (timers.js:386:14)
    at tryOnTimeout (timers.js:250:5)
    at Timer.listOnTimeout (timers.js:214:5)
name: 'ClusterClientNoResponseError'
pid: 37183
hostname: wusichaodeMacBook-Pro.local

2017-05-07 09:18:27,980 ERROR 37183 nodejs.ClusterClientNoResponseError: client no response in 565797ms exceeding maxIdleTime 30000ms, maybe the connection is close on other side.
    at Timeout.Leader._heartbeatTimer.setInterval [as _onTimeout] (/Users/wscart/Sites/node/eggcms/node_modules/.1.6.3@cluster-client/lib/leader.js:71:23)
    at ontimeout (timers.js:386:14)
    at tryOnTimeout (timers.js:250:5)
    at Timer.listOnTimeout (timers.js:214:5)
name: 'ClusterClientNoResponseError'
pid: 37183
hostname: wusichaodeMacBook-Pro.local

2017-05-07 09:28:43,068 ERROR 37183 nodejs.ClusterClientNoResponseError: client no response in 565053ms exceeding maxIdleTime 30000ms, maybe the connection is close on other side.
    at Timeout.Leader._heartbeatTimer.setInterval [as _onTimeout] (/Users/wscart/Sites/node/eggcms/node_modules/.1.6.3@cluster-client/lib/leader.js:71:23)
    at ontimeout (timers.js:386:14)
    at tryOnTimeout (timers.js:250:5)
    at Timer.listOnTimeout (timers.js:214:5)
name: 'ClusterClientNoResponseError'
pid: 37183
hostname: wusichaodeMacBook-Pro.local

2017-05-07 09:48:54,749 ERROR 37183 nodejs.ClusterClientNoResponseError: client no response in 565831ms exceeding maxIdleTime 30000ms, maybe the connection is close on other side.
    at Timeout.Leader._heartbeatTimer.setInterval [as _onTimeout] (/Users/wscart/Sites/node/eggcms/node_modules/.1.6.3@cluster-client/lib/leader.js:71:23)
    at ontimeout (timers.js:386:14)
    at tryOnTimeout (timers.js:250:5)
    at Timer.listOnTimeout (timers.js:214:5)
name: 'ClusterClientNoResponseError'
pid: 37183
hostname: wusichaodeMacBook-Pro.local

2017-05-07 09:52:54,551 ERROR 37183 nodejs.ClusterClientNoResponseError: client no response in 189782ms exceeding maxIdleTime 30000ms, maybe the connection is close on other side.
    at Timeout.Leader._heartbeatTimer.setInterval [as _onTimeout] (/Users/wscart/Sites/node/eggcms/node_modules/.1.6.3@cluster-client/lib/leader.js:71:23)
    at ontimeout (timers.js:386:14)
    at tryOnTimeout (timers.js:250:5)
    at Timer.listOnTimeout (timers.js:214:5)
name: 'ClusterClientNoResponseError'
pid: 37183
hostname: wusichaodeMacBook-Pro.local

2017-05-07 10:03:10,097 ERROR 37183 nodejs.ClusterClientNoResponseError: client no response in 565522ms exceeding maxIdleTime 30000ms, maybe the connection is close on other side.
    at Timeout.Leader._heartbeatTimer.setInterval [as _onTimeout] (/Users/wscart/Sites/node/eggcms/node_modules/.1.6.3@cluster-client/lib/leader.js:71:23)
    at ontimeout (timers.js:386:14)
    at tryOnTimeout (timers.js:250:5)
    at Timer.listOnTimeout (timers.js:214:5)
name: 'ClusterClientNoResponseError'
pid: 37183
hostname: wusichaodeMacBook-Pro.local

2017-05-07 10:13:15,877 ERROR 37183 nodejs.ClusterClientNoResponseError: client no response in 565752ms exceeding maxIdleTime 30000ms, maybe the connection is close on other side.
    at Timeout.Leader._heartbeatTimer.setInterval [as _onTimeout] (/Users/wscart/Sites/node/eggcms/node_modules/.1.6.3@cluster-client/lib/leader.js:71:23)
    at ontimeout (timers.js:386:14)
    at tryOnTimeout (timers.js:250:5)
    at Timer.listOnTimeout (timers.js:214:5)
name: 'ClusterClientNoResponseError'
pid: 37183
hostname: wusichaodeMacBook-Pro.local

2017-05-07 10:23:31,946 ERROR 37183 nodejs.ClusterClientNoResponseError: client no response in 566053ms exceeding maxIdleTime 30000ms, maybe the connection is close on other side.
    at Timeout.Leader._heartbeatTimer.setInterval [as _onTimeout] (/Users/wscart/Sites/node/eggcms/node_modules/.1.6.3@cluster-client/lib/leader.js:71:23)
    at ontimeout (timers.js:386:14)
    at tryOnTimeout (timers.js:250:5)
    at Timer.listOnTimeout (timers.js:214:5)
name: 'ClusterClientNoResponseError'
pid: 37183
hostname: wusichaodeMacBook-Pro.local

2017-05-07 10:33:37,766 ERROR 37183 nodejs.ClusterClientNoResponseError: client no response in 565793ms exceeding maxIdleTime 30000ms, maybe the connection is close on other side.
    at Timeout.Leader._heartbeatTimer.setInterval [as _onTimeout] (/Users/wscart/Sites/node/eggcms/node_modules/.1.6.3@cluster-client/lib/leader.js:71:23)
    at ontimeout (timers.js:386:14)
    at tryOnTimeout (timers.js:250:5)
    at Timer.listOnTimeout (timers.js:214:5)
name: 'ClusterClientNoResponseError'
pid: 37183
hostname: wusichaodeMacBook-Pro.local

2017-05-07 10:38:00,830 ERROR 37183 nodejs.ClusterClientNoResponseError: client no response in 223034ms exceeding maxIdleTime 30000ms, maybe the connection is close on other side.
    at Timeout.Leader._heartbeatTimer.setInterval [as _onTimeout] (/Users/wscart/Sites/node/eggcms/node_modules/.1.6.3@cluster-client/lib/leader.js:71:23)
    at ontimeout (timers.js:386:14)
    at tryOnTimeout (timers.js:250:5)
    at Timer.listOnTimeout (timers.js:214:5)
name: 'ClusterClientNoResponseError'
pid: 37183
hostname: wusichaodeMacBook-Pro.local

2017-05-07 10:38:41,984 ERROR 37183 nodejs.ClusterClientNoResponseError: client no response in 31142ms exceeding maxIdleTime 30000ms, maybe the connection is close on other side.
    at Timeout.Leader._heartbeatTimer.setInterval [as _onTimeout] (/Users/wscart/Sites/node/eggcms/node_modules/.1.6.3@cluster-client/lib/leader.js:71:23)
    at ontimeout (timers.js:386:14)
    at tryOnTimeout (timers.js:250:5)
    at Timer.listOnTimeout (timers.js:214:5)
name: 'ClusterClientNoResponseError'
pid: 37183
hostname: wusichaodeMacBook-Pro.local

2017-05-07 11:38:52,002 ERROR 37183 nodejs.ClusterClientNoResponseError: client no response in 167945ms exceeding maxIdleTime 30000ms, maybe the connection is close on other side.
    at Timeout.Leader._heartbeatTimer.setInterval [as _onTimeout] (/Users/wscart/Sites/node/eggcms/node_modules/.1.6.3@cluster-client/lib/leader.js:71:23)
    at ontimeout (timers.js:386:14)
    at tryOnTimeout (timers.js:250:5)
    at Timer.listOnTimeout (timers.js:214:5)
name: 'ClusterClientNoResponseError'
pid: 37183
hostname: wusichaodeMacBook-Pro.local

2017-05-07 11:49:18,767 ERROR 37183 nodejs.ClusterClientNoResponseError: client no response in 226688ms exceeding maxIdleTime 30000ms, maybe the connection is close on other side.
    at Timeout.Leader._heartbeatTimer.setInterval [as _onTimeout] (/Users/wscart/Sites/node/eggcms/node_modules/.1.6.3@cluster-client/lib/leader.js:71:23)
    at ontimeout (timers.js:386:14)
    at tryOnTimeout (timers.js:250:5)
    at Timer.listOnTimeout (timers.js:214:5)
name: 'ClusterClientNoResponseError'
pid: 37183
hostname: wusichaodeMacBook-Pro.local

2017-05-08 14:57:33,915 ERROR 40464 [-/127.0.0.1/-/6ms GET /login] nodejs.AssertionError: Can't find login/index.tpl from /Users/wscart/Sites/node/eggcms/app/view
    at Map.resolve (/Users/wscart/Sites/node/eggcms/node_modules/.1.1.0@egg-view/lib/view_manager.js:74:5)
    at resolve.next (<anonymous>)
    at onFulfilled (/Users/wscart/Sites/node/eggcms/node_modules/.4.6.0@co/index.js:65:19)
name: 'AssertionError'
actual: undefined
expected: true
operator: '=='
message: 'Can\'t find login/index.tpl from /Users/wscart/Sites/node/eggcms/app/view'
generatedMessage: false
pid: 40464
hostname: wusichaodeMacBook-Pro.local

2017-05-08 16:29:29,793 ERROR 40724 [-/127.0.0.1/-/5ms GET /] nodejs.Template render error: (/Users/wscart/Sites/node/eggcms/app/view/index.tpl)
  Error: template not found: base.html
  Error: template not found: base.html
    at Object.exports.prettifyError (/Users/wscart/Sites/node/eggcms/node_modules/.3.0.0@nunjucks/src/lib.js:34:15)
    at /Users/wscart/Sites/node/eggcms/node_modules/.3.0.0@nunjucks/src/environment.js:489:31
    at eval (eval at _compile (/Users/wscart/Sites/node/eggcms/node_modules/.3.0.0@nunjucks/src/environment.js:568:24), <anonymous>:10:11)
    at createTemplate (/Users/wscart/Sites/node/eggcms/node_modules/.3.0.0@nunjucks/src/environment.js:213:25)
    at next (/Users/wscart/Sites/node/eggcms/node_modules/.3.0.0@nunjucks/src/lib.js:210:13)
    at handle (/Users/wscart/Sites/node/eggcms/node_modules/.3.0.0@nunjucks/src/environment.js:253:25)
    at /Users/wscart/Sites/node/eggcms/node_modules/.3.0.0@nunjucks/src/environment.js:264:21
    at next (/Users/wscart/Sites/node/eggcms/node_modules/.3.0.0@nunjucks/src/lib.js:207:13)
    at Object.exports.asyncIter (/Users/wscart/Sites/node/eggcms/node_modules/.3.0.0@nunjucks/src/lib.js:214:5)
    at NunjucksEnvironment.getTemplate (/Users/wscart/Sites/node/eggcms/node_modules/.3.0.0@nunjucks/src/environment.js:243:17)
name: 'Template render error'
pid: 40724
hostname: wusichaodeMacBook-Pro.local

2017-05-08 16:29:42,651 ERROR 40724 [-/127.0.0.1/-/5ms GET /] nodejs.Template render error: (/Users/wscart/Sites/node/eggcms/app/view/index.tpl)
  Error: template not found: base.html
  Error: template not found: base.html
    at Object.exports.prettifyError (/Users/wscart/Sites/node/eggcms/node_modules/.3.0.0@nunjucks/src/lib.js:34:15)
    at /Users/wscart/Sites/node/eggcms/node_modules/.3.0.0@nunjucks/src/environment.js:489:31
    at eval (eval at _compile (/Users/wscart/Sites/node/eggcms/node_modules/.3.0.0@nunjucks/src/environment.js:568:24), <anonymous>:10:11)
    at createTemplate (/Users/wscart/Sites/node/eggcms/node_modules/.3.0.0@nunjucks/src/environment.js:213:25)
    at next (/Users/wscart/Sites/node/eggcms/node_modules/.3.0.0@nunjucks/src/lib.js:210:13)
    at handle (/Users/wscart/Sites/node/eggcms/node_modules/.3.0.0@nunjucks/src/environment.js:253:25)
    at /Users/wscart/Sites/node/eggcms/node_modules/.3.0.0@nunjucks/src/environment.js:264:21
    at next (/Users/wscart/Sites/node/eggcms/node_modules/.3.0.0@nunjucks/src/lib.js:207:13)
    at Object.exports.asyncIter (/Users/wscart/Sites/node/eggcms/node_modules/.3.0.0@nunjucks/src/lib.js:214:5)
    at NunjucksEnvironment.getTemplate (/Users/wscart/Sites/node/eggcms/node_modules/.3.0.0@nunjucks/src/environment.js:243:17)
name: 'Template render error'
pid: 40724
hostname: wusichaodeMacBook-Pro.local

