2017-05-12 15:58:20,921 WARN 76355 [-/127.0.0.1/-/2ms POST /setbasic/update/%7B%22site_name%22:%22EggCMS%20-%20%E5%9F%BA%E4%BA%8EEggjs%E7%9A%84%E5%86%85%E5%AE%B9%E7%AE%A1%E7%90%86%E7%B3%BB%E7%BB%9F%22,%22site_keywords%22:%22eggcms,koa2,node,%E5%86%85%E5%AE%B9%E7%AE%A1%E7%90%86%E7%B3%BB%E7%BB%9F%22,%22site_mail%22:%22wscart@qq.com%22,%22site_beian%22:%22%E9%97%BDICP%E5%A4%8715005483%E5%8F%B7%22,%22site_description%22:%22EggCMS%E9%87%87%E7%94%A8Eggjs+Mysql%E6%9E%B6%E6%9E%84,%E6%9E%81%E5%85%B6%E9%80%82%E5%90%88%E4%BC%81%E4%B8%9A,%E5%85%AC%E5%8F%B8%E7%BD%91%E7%AB%99%E5%BB%BA%E8%AE%BE%E7%9A%84cms%E5%BB%BA%E7%AB%99%E7%B3%BB%E7%BB%9F%E3%80%82%22,%22site_statistic%22:%22xcvzxcvzxcvzxc%22%7D] invalid csrf token. See https://eggjs.org/zh-cn/core/security.html#安全威胁csrf的防范
2017-05-12 15:58:20,923 WARN 76355 [-/127.0.0.1/-/4ms POST /setbasic/update/%7B%22site_name%22:%22EggCMS%20-%20%E5%9F%BA%E4%BA%8EEggjs%E7%9A%84%E5%86%85%E5%AE%B9%E7%AE%A1%E7%90%86%E7%B3%BB%E7%BB%9F%22,%22site_keywords%22:%22eggcms,koa2,node,%E5%86%85%E5%AE%B9%E7%AE%A1%E7%90%86%E7%B3%BB%E7%BB%9F%22,%22site_mail%22:%22wscart@qq.com%22,%22site_beian%22:%22%E9%97%BDICP%E5%A4%8715005483%E5%8F%B7%22,%22site_description%22:%22EggCMS%E9%87%87%E7%94%A8Eggjs+Mysql%E6%9E%B6%E6%9E%84,%E6%9E%81%E5%85%B6%E9%80%82%E5%90%88%E4%BC%81%E4%B8%9A,%E5%85%AC%E5%8F%B8%E7%BD%91%E7%AB%99%E5%BB%BA%E8%AE%BE%E7%9A%84cms%E5%BB%BA%E7%AB%99%E7%B3%BB%E7%BB%9F%E3%80%82%22,%22site_statistic%22:%22xcvzxcvzxcvzxc%22%7D] nodejs.ForbiddenError: invalid csrf token
    at Object.throw (/Users/wscart/Sites/node/eggcms/node_modules/.1.4.0@koa/lib/context.js:89:23)
    at Object.assertCsrf (/Users/wscart/Sites/node/eggcms/node_modules/.1.9.0@egg-security/app/extend/context.js:142:17)
    at Object.csrf (/Users/wscart/Sites/node/eggcms/node_modules/.1.9.0@egg-security/lib/middlewares/csrf.js:30:10)
    at csrf.next (<anonymous>)
    at Object.<anonymous> (/Users/wscart/Sites/node/eggcms/node_modules/.2.5.1@koa-compose/index.js:28:19)
    at Generator.next (<anonymous>)
    at onFulfilled (/Users/wscart/Sites/node/eggcms/node_modules/.4.6.0@co/index.js:65:19)
    at /Users/wscart/Sites/node/eggcms/node_modules/.4.6.0@co/index.js:54:5
    at Object.co (/Users/wscart/Sites/node/eggcms/node_modules/.4.6.0@co/index.js:50:10)
    at Object.toPromise (/Users/wscart/Sites/node/eggcms/node_modules/.4.6.0@co/index.js:118:63)
message: 'invalid csrf token'
pid: 76355
hostname: wusichaodeMacBook-Pro.local

2017-05-12 15:58:23,203 WARN 76355 [-/127.0.0.1/-/0ms POST /setbasic/update/%7B%22site_name%22:%22EggCMS%20-%20%E5%9F%BA%E4%BA%8EEggjs%E7%9A%84%E5%86%85%E5%AE%B9%E7%AE%A1%E7%90%86%E7%B3%BB%E7%BB%9F%22,%22site_keywords%22:%22eggcms,koa2,node,%E5%86%85%E5%AE%B9%E7%AE%A1%E7%90%86%E7%B3%BB%E7%BB%9F%22,%22site_mail%22:%22wscart@qq.com%22,%22site_beian%22:%22%E9%97%BDICP%E5%A4%8715005483%E5%8F%B7%22,%22site_description%22:%22EggCMS%E9%87%87%E7%94%A8Eggjs+Mysql%E6%9E%B6%E6%9E%84,%E6%9E%81%E5%85%B6%E9%80%82%E5%90%88%E4%BC%81%E4%B8%9A,%E5%85%AC%E5%8F%B8%E7%BD%91%E7%AB%99%E5%BB%BA%E8%AE%BE%E7%9A%84cms%E5%BB%BA%E7%AB%99%E7%B3%BB%E7%BB%9F%E3%80%82%22,%22site_statistic%22:%22xcvzxcvzxcvzxc%22%7D] invalid csrf token. See https://eggjs.org/zh-cn/core/security.html#安全威胁csrf的防范
2017-05-12 15:58:23,204 WARN 76355 [-/127.0.0.1/-/1ms POST /setbasic/update/%7B%22site_name%22:%22EggCMS%20-%20%E5%9F%BA%E4%BA%8EEggjs%E7%9A%84%E5%86%85%E5%AE%B9%E7%AE%A1%E7%90%86%E7%B3%BB%E7%BB%9F%22,%22site_keywords%22:%22eggcms,koa2,node,%E5%86%85%E5%AE%B9%E7%AE%A1%E7%90%86%E7%B3%BB%E7%BB%9F%22,%22site_mail%22:%22wscart@qq.com%22,%22site_beian%22:%22%E9%97%BDICP%E5%A4%8715005483%E5%8F%B7%22,%22site_description%22:%22EggCMS%E9%87%87%E7%94%A8Eggjs+Mysql%E6%9E%B6%E6%9E%84,%E6%9E%81%E5%85%B6%E9%80%82%E5%90%88%E4%BC%81%E4%B8%9A,%E5%85%AC%E5%8F%B8%E7%BD%91%E7%AB%99%E5%BB%BA%E8%AE%BE%E7%9A%84cms%E5%BB%BA%E7%AB%99%E7%B3%BB%E7%BB%9F%E3%80%82%22,%22site_statistic%22:%22xcvzxcvzxcvzxc%22%7D] nodejs.ForbiddenError: invalid csrf token
    at Object.throw (/Users/wscart/Sites/node/eggcms/node_modules/.1.4.0@koa/lib/context.js:89:23)
    at Object.assertCsrf (/Users/wscart/Sites/node/eggcms/node_modules/.1.9.0@egg-security/app/extend/context.js:142:17)
    at Object.csrf (/Users/wscart/Sites/node/eggcms/node_modules/.1.9.0@egg-security/lib/middlewares/csrf.js:30:10)
    at csrf.next (<anonymous>)
    at Object.<anonymous> (/Users/wscart/Sites/node/eggcms/node_modules/.2.5.1@koa-compose/index.js:28:19)
    at Generator.next (<anonymous>)
    at onFulfilled (/Users/wscart/Sites/node/eggcms/node_modules/.4.6.0@co/index.js:65:19)
    at /Users/wscart/Sites/node/eggcms/node_modules/.4.6.0@co/index.js:54:5
    at Object.co (/Users/wscart/Sites/node/eggcms/node_modules/.4.6.0@co/index.js:50:10)
    at Object.toPromise (/Users/wscart/Sites/node/eggcms/node_modules/.4.6.0@co/index.js:118:63)
message: 'invalid csrf token'
pid: 76355
hostname: wusichaodeMacBook-Pro.local

2017-05-12 15:58:23,453 WARN 76355 [-/127.0.0.1/-/1ms POST /setbasic/update/%7B%22site_name%22:%22EggCMS%20-%20%E5%9F%BA%E4%BA%8EEggjs%E7%9A%84%E5%86%85%E5%AE%B9%E7%AE%A1%E7%90%86%E7%B3%BB%E7%BB%9F%22,%22site_keywords%22:%22eggcms,koa2,node,%E5%86%85%E5%AE%B9%E7%AE%A1%E7%90%86%E7%B3%BB%E7%BB%9F%22,%22site_mail%22:%22wscart@qq.com%22,%22site_beian%22:%22%E9%97%BDICP%E5%A4%8715005483%E5%8F%B7%22,%22site_description%22:%22EggCMS%E9%87%87%E7%94%A8Eggjs+Mysql%E6%9E%B6%E6%9E%84,%E6%9E%81%E5%85%B6%E9%80%82%E5%90%88%E4%BC%81%E4%B8%9A,%E5%85%AC%E5%8F%B8%E7%BD%91%E7%AB%99%E5%BB%BA%E8%AE%BE%E7%9A%84cms%E5%BB%BA%E7%AB%99%E7%B3%BB%E7%BB%9F%E3%80%82%22,%22site_statistic%22:%22xcvzxcvzxcvzxc%22%7D] invalid csrf token. See https://eggjs.org/zh-cn/core/security.html#安全威胁csrf的防范
2017-05-12 15:58:23,454 WARN 76355 [-/127.0.0.1/-/2ms POST /setbasic/update/%7B%22site_name%22:%22EggCMS%20-%20%E5%9F%BA%E4%BA%8EEggjs%E7%9A%84%E5%86%85%E5%AE%B9%E7%AE%A1%E7%90%86%E7%B3%BB%E7%BB%9F%22,%22site_keywords%22:%22eggcms,koa2,node,%E5%86%85%E5%AE%B9%E7%AE%A1%E7%90%86%E7%B3%BB%E7%BB%9F%22,%22site_mail%22:%22wscart@qq.com%22,%22site_beian%22:%22%E9%97%BDICP%E5%A4%8715005483%E5%8F%B7%22,%22site_description%22:%22EggCMS%E9%87%87%E7%94%A8Eggjs+Mysql%E6%9E%B6%E6%9E%84,%E6%9E%81%E5%85%B6%E9%80%82%E5%90%88%E4%BC%81%E4%B8%9A,%E5%85%AC%E5%8F%B8%E7%BD%91%E7%AB%99%E5%BB%BA%E8%AE%BE%E7%9A%84cms%E5%BB%BA%E7%AB%99%E7%B3%BB%E7%BB%9F%E3%80%82%22,%22site_statistic%22:%22xcvzxcvzxcvzxc%22%7D] nodejs.ForbiddenError: invalid csrf token
    at Object.throw (/Users/wscart/Sites/node/eggcms/node_modules/.1.4.0@koa/lib/context.js:89:23)
    at Object.assertCsrf (/Users/wscart/Sites/node/eggcms/node_modules/.1.9.0@egg-security/app/extend/context.js:142:17)
    at Object.csrf (/Users/wscart/Sites/node/eggcms/node_modules/.1.9.0@egg-security/lib/middlewares/csrf.js:30:10)
    at csrf.next (<anonymous>)
    at Object.<anonymous> (/Users/wscart/Sites/node/eggcms/node_modules/.2.5.1@koa-compose/index.js:28:19)
    at Generator.next (<anonymous>)
    at onFulfilled (/Users/wscart/Sites/node/eggcms/node_modules/.4.6.0@co/index.js:65:19)
    at /Users/wscart/Sites/node/eggcms/node_modules/.4.6.0@co/index.js:54:5
    at Object.co (/Users/wscart/Sites/node/eggcms/node_modules/.4.6.0@co/index.js:50:10)
    at Object.toPromise (/Users/wscart/Sites/node/eggcms/node_modules/.4.6.0@co/index.js:118:63)
message: 'invalid csrf token'
pid: 76355
hostname: wusichaodeMacBook-Pro.local

2017-05-12 15:58:23,642 WARN 76355 [-/127.0.0.1/-/1ms POST /setbasic/update/%7B%22site_name%22:%22EggCMS%20-%20%E5%9F%BA%E4%BA%8EEggjs%E7%9A%84%E5%86%85%E5%AE%B9%E7%AE%A1%E7%90%86%E7%B3%BB%E7%BB%9F%22,%22site_keywords%22:%22eggcms,koa2,node,%E5%86%85%E5%AE%B9%E7%AE%A1%E7%90%86%E7%B3%BB%E7%BB%9F%22,%22site_mail%22:%22wscart@qq.com%22,%22site_beian%22:%22%E9%97%BDICP%E5%A4%8715005483%E5%8F%B7%22,%22site_description%22:%22EggCMS%E9%87%87%E7%94%A8Eggjs+Mysql%E6%9E%B6%E6%9E%84,%E6%9E%81%E5%85%B6%E9%80%82%E5%90%88%E4%BC%81%E4%B8%9A,%E5%85%AC%E5%8F%B8%E7%BD%91%E7%AB%99%E5%BB%BA%E8%AE%BE%E7%9A%84cms%E5%BB%BA%E7%AB%99%E7%B3%BB%E7%BB%9F%E3%80%82%22,%22site_statistic%22:%22xcvzxcvzxcvzxc%22%7D] invalid csrf token. See https://eggjs.org/zh-cn/core/security.html#安全威胁csrf的防范
2017-05-12 15:58:23,642 WARN 76355 [-/127.0.0.1/-/1ms POST /setbasic/update/%7B%22site_name%22:%22EggCMS%20-%20%E5%9F%BA%E4%BA%8EEggjs%E7%9A%84%E5%86%85%E5%AE%B9%E7%AE%A1%E7%90%86%E7%B3%BB%E7%BB%9F%22,%22site_keywords%22:%22eggcms,koa2,node,%E5%86%85%E5%AE%B9%E7%AE%A1%E7%90%86%E7%B3%BB%E7%BB%9F%22,%22site_mail%22:%22wscart@qq.com%22,%22site_beian%22:%22%E9%97%BDICP%E5%A4%8715005483%E5%8F%B7%22,%22site_description%22:%22EggCMS%E9%87%87%E7%94%A8Eggjs+Mysql%E6%9E%B6%E6%9E%84,%E6%9E%81%E5%85%B6%E9%80%82%E5%90%88%E4%BC%81%E4%B8%9A,%E5%85%AC%E5%8F%B8%E7%BD%91%E7%AB%99%E5%BB%BA%E8%AE%BE%E7%9A%84cms%E5%BB%BA%E7%AB%99%E7%B3%BB%E7%BB%9F%E3%80%82%22,%22site_statistic%22:%22xcvzxcvzxcvzxc%22%7D] nodejs.ForbiddenError: invalid csrf token
    at Object.throw (/Users/wscart/Sites/node/eggcms/node_modules/.1.4.0@koa/lib/context.js:89:23)
    at Object.assertCsrf (/Users/wscart/Sites/node/eggcms/node_modules/.1.9.0@egg-security/app/extend/context.js:142:17)
    at Object.csrf (/Users/wscart/Sites/node/eggcms/node_modules/.1.9.0@egg-security/lib/middlewares/csrf.js:30:10)
    at csrf.next (<anonymous>)
    at Object.<anonymous> (/Users/wscart/Sites/node/eggcms/node_modules/.2.5.1@koa-compose/index.js:28:19)
    at Generator.next (<anonymous>)
    at onFulfilled (/Users/wscart/Sites/node/eggcms/node_modules/.4.6.0@co/index.js:65:19)
    at /Users/wscart/Sites/node/eggcms/node_modules/.4.6.0@co/index.js:54:5
    at Object.co (/Users/wscart/Sites/node/eggcms/node_modules/.4.6.0@co/index.js:50:10)
    at Object.toPromise (/Users/wscart/Sites/node/eggcms/node_modules/.4.6.0@co/index.js:118:63)
message: 'invalid csrf token'
pid: 76355
hostname: wusichaodeMacBook-Pro.local

2017-05-12 15:58:23,799 WARN 76355 [-/127.0.0.1/-/1ms POST /setbasic/update/%7B%22site_name%22:%22EggCMS%20-%20%E5%9F%BA%E4%BA%8EEggjs%E7%9A%84%E5%86%85%E5%AE%B9%E7%AE%A1%E7%90%86%E7%B3%BB%E7%BB%9F%22,%22site_keywords%22:%22eggcms,koa2,node,%E5%86%85%E5%AE%B9%E7%AE%A1%E7%90%86%E7%B3%BB%E7%BB%9F%22,%22site_mail%22:%22wscart@qq.com%22,%22site_beian%22:%22%E9%97%BDICP%E5%A4%8715005483%E5%8F%B7%22,%22site_description%22:%22EggCMS%E9%87%87%E7%94%A8Eggjs+Mysql%E6%9E%B6%E6%9E%84,%E6%9E%81%E5%85%B6%E9%80%82%E5%90%88%E4%BC%81%E4%B8%9A,%E5%85%AC%E5%8F%B8%E7%BD%91%E7%AB%99%E5%BB%BA%E8%AE%BE%E7%9A%84cms%E5%BB%BA%E7%AB%99%E7%B3%BB%E7%BB%9F%E3%80%82%22,%22site_statistic%22:%22xcvzxcvzxcvzxc%22%7D] invalid csrf token. See https://eggjs.org/zh-cn/core/security.html#安全威胁csrf的防范
2017-05-12 15:58:23,800 WARN 76355 [-/127.0.0.1/-/2ms POST /setbasic/update/%7B%22site_name%22:%22EggCMS%20-%20%E5%9F%BA%E4%BA%8EEggjs%E7%9A%84%E5%86%85%E5%AE%B9%E7%AE%A1%E7%90%86%E7%B3%BB%E7%BB%9F%22,%22site_keywords%22:%22eggcms,koa2,node,%E5%86%85%E5%AE%B9%E7%AE%A1%E7%90%86%E7%B3%BB%E7%BB%9F%22,%22site_mail%22:%22wscart@qq.com%22,%22site_beian%22:%22%E9%97%BDICP%E5%A4%8715005483%E5%8F%B7%22,%22site_description%22:%22EggCMS%E9%87%87%E7%94%A8Eggjs+Mysql%E6%9E%B6%E6%9E%84,%E6%9E%81%E5%85%B6%E9%80%82%E5%90%88%E4%BC%81%E4%B8%9A,%E5%85%AC%E5%8F%B8%E7%BD%91%E7%AB%99%E5%BB%BA%E8%AE%BE%E7%9A%84cms%E5%BB%BA%E7%AB%99%E7%B3%BB%E7%BB%9F%E3%80%82%22,%22site_statistic%22:%22xcvzxcvzxcvzxc%22%7D] nodejs.ForbiddenError: invalid csrf token
    at Object.throw (/Users/wscart/Sites/node/eggcms/node_modules/.1.4.0@koa/lib/context.js:89:23)
    at Object.assertCsrf (/Users/wscart/Sites/node/eggcms/node_modules/.1.9.0@egg-security/app/extend/context.js:142:17)
    at Object.csrf (/Users/wscart/Sites/node/eggcms/node_modules/.1.9.0@egg-security/lib/middlewares/csrf.js:30:10)
    at csrf.next (<anonymous>)
    at Object.<anonymous> (/Users/wscart/Sites/node/eggcms/node_modules/.2.5.1@koa-compose/index.js:28:19)
    at Generator.next (<anonymous>)
    at onFulfilled (/Users/wscart/Sites/node/eggcms/node_modules/.4.6.0@co/index.js:65:19)
    at /Users/wscart/Sites/node/eggcms/node_modules/.4.6.0@co/index.js:54:5
    at Object.co (/Users/wscart/Sites/node/eggcms/node_modules/.4.6.0@co/index.js:50:10)
    at Object.toPromise (/Users/wscart/Sites/node/eggcms/node_modules/.4.6.0@co/index.js:118:63)
message: 'invalid csrf token'
pid: 76355
hostname: wusichaodeMacBook-Pro.local

2017-05-12 15:58:23,992 WARN 76355 [-/127.0.0.1/-/0ms POST /setbasic/update/%7B%22site_name%22:%22EggCMS%20-%20%E5%9F%BA%E4%BA%8EEggjs%E7%9A%84%E5%86%85%E5%AE%B9%E7%AE%A1%E7%90%86%E7%B3%BB%E7%BB%9F%22,%22site_keywords%22:%22eggcms,koa2,node,%E5%86%85%E5%AE%B9%E7%AE%A1%E7%90%86%E7%B3%BB%E7%BB%9F%22,%22site_mail%22:%22wscart@qq.com%22,%22site_beian%22:%22%E9%97%BDICP%E5%A4%8715005483%E5%8F%B7%22,%22site_description%22:%22EggCMS%E9%87%87%E7%94%A8Eggjs+Mysql%E6%9E%B6%E6%9E%84,%E6%9E%81%E5%85%B6%E9%80%82%E5%90%88%E4%BC%81%E4%B8%9A,%E5%85%AC%E5%8F%B8%E7%BD%91%E7%AB%99%E5%BB%BA%E8%AE%BE%E7%9A%84cms%E5%BB%BA%E7%AB%99%E7%B3%BB%E7%BB%9F%E3%80%82%22,%22site_statistic%22:%22xcvzxcvzxcvzxc%22%7D] invalid csrf token. See https://eggjs.org/zh-cn/core/security.html#安全威胁csrf的防范
2017-05-12 15:58:23,994 WARN 76355 [-/127.0.0.1/-/2ms POST /setbasic/update/%7B%22site_name%22:%22EggCMS%20-%20%E5%9F%BA%E4%BA%8EEggjs%E7%9A%84%E5%86%85%E5%AE%B9%E7%AE%A1%E7%90%86%E7%B3%BB%E7%BB%9F%22,%22site_keywords%22:%22eggcms,koa2,node,%E5%86%85%E5%AE%B9%E7%AE%A1%E7%90%86%E7%B3%BB%E7%BB%9F%22,%22site_mail%22:%22wscart@qq.com%22,%22site_beian%22:%22%E9%97%BDICP%E5%A4%8715005483%E5%8F%B7%22,%22site_description%22:%22EggCMS%E9%87%87%E7%94%A8Eggjs+Mysql%E6%9E%B6%E6%9E%84,%E6%9E%81%E5%85%B6%E9%80%82%E5%90%88%E4%BC%81%E4%B8%9A,%E5%85%AC%E5%8F%B8%E7%BD%91%E7%AB%99%E5%BB%BA%E8%AE%BE%E7%9A%84cms%E5%BB%BA%E7%AB%99%E7%B3%BB%E7%BB%9F%E3%80%82%22,%22site_statistic%22:%22xcvzxcvzxcvzxc%22%7D] nodejs.ForbiddenError: invalid csrf token
    at Object.throw (/Users/wscart/Sites/node/eggcms/node_modules/.1.4.0@koa/lib/context.js:89:23)
    at Object.assertCsrf (/Users/wscart/Sites/node/eggcms/node_modules/.1.9.0@egg-security/app/extend/context.js:142:17)
    at Object.csrf (/Users/wscart/Sites/node/eggcms/node_modules/.1.9.0@egg-security/lib/middlewares/csrf.js:30:10)
    at csrf.next (<anonymous>)
    at Object.<anonymous> (/Users/wscart/Sites/node/eggcms/node_modules/.2.5.1@koa-compose/index.js:28:19)
    at Generator.next (<anonymous>)
    at onFulfilled (/Users/wscart/Sites/node/eggcms/node_modules/.4.6.0@co/index.js:65:19)
    at /Users/wscart/Sites/node/eggcms/node_modules/.4.6.0@co/index.js:54:5
    at Object.co (/Users/wscart/Sites/node/eggcms/node_modules/.4.6.0@co/index.js:50:10)
    at Object.toPromise (/Users/wscart/Sites/node/eggcms/node_modules/.4.6.0@co/index.js:118:63)
message: 'invalid csrf token'
pid: 76355
hostname: wusichaodeMacBook-Pro.local

2017-05-12 15:58:36,977 WARN 76355 [-/127.0.0.1/-/1ms POST /setbasic/update/%7B%22site_name%22:%22EggCMS%20-%20%E5%9F%BA%E4%BA%8EEggjs%E7%9A%84%E5%86%85%E5%AE%B9%E7%AE%A1%E7%90%86%E7%B3%BB%E7%BB%9F%22,%22site_keywords%22:%22eggcms,koa2,node,%E5%86%85%E5%AE%B9%E7%AE%A1%E7%90%86%E7%B3%BB%E7%BB%9F%22,%22site_mail%22:%22wscart@qq.com%22,%22site_beian%22:%22%E9%97%BDICP%E5%A4%8715005483%E5%8F%B7%22,%22site_description%22:%22EggCMS%E9%87%87%E7%94%A8Eggjs+Mysql%E6%9E%B6%E6%9E%84,%E6%9E%81%E5%85%B6%E9%80%82%E5%90%88%E4%BC%81%E4%B8%9A,%E5%85%AC%E5%8F%B8%E7%BD%91%E7%AB%99%E5%BB%BA%E8%AE%BE%E7%9A%84cms%E5%BB%BA%E7%AB%99%E7%B3%BB%E7%BB%9F%E3%80%82%22,%22site_statistic%22:%22xcvzxcvzxcvzxc%22%7D] invalid csrf token. See https://eggjs.org/zh-cn/core/security.html#安全威胁csrf的防范
2017-05-12 15:58:36,978 WARN 76355 [-/127.0.0.1/-/3ms POST /setbasic/update/%7B%22site_name%22:%22EggCMS%20-%20%E5%9F%BA%E4%BA%8EEggjs%E7%9A%84%E5%86%85%E5%AE%B9%E7%AE%A1%E7%90%86%E7%B3%BB%E7%BB%9F%22,%22site_keywords%22:%22eggcms,koa2,node,%E5%86%85%E5%AE%B9%E7%AE%A1%E7%90%86%E7%B3%BB%E7%BB%9F%22,%22site_mail%22:%22wscart@qq.com%22,%22site_beian%22:%22%E9%97%BDICP%E5%A4%8715005483%E5%8F%B7%22,%22site_description%22:%22EggCMS%E9%87%87%E7%94%A8Eggjs+Mysql%E6%9E%B6%E6%9E%84,%E6%9E%81%E5%85%B6%E9%80%82%E5%90%88%E4%BC%81%E4%B8%9A,%E5%85%AC%E5%8F%B8%E7%BD%91%E7%AB%99%E5%BB%BA%E8%AE%BE%E7%9A%84cms%E5%BB%BA%E7%AB%99%E7%B3%BB%E7%BB%9F%E3%80%82%22,%22site_statistic%22:%22xcvzxcvzxcvzxc%22%7D] nodejs.ForbiddenError: invalid csrf token
    at Object.throw (/Users/wscart/Sites/node/eggcms/node_modules/.1.4.0@koa/lib/context.js:89:23)
    at Object.assertCsrf (/Users/wscart/Sites/node/eggcms/node_modules/.1.9.0@egg-security/app/extend/context.js:142:17)
    at Object.csrf (/Users/wscart/Sites/node/eggcms/node_modules/.1.9.0@egg-security/lib/middlewares/csrf.js:30:10)
    at csrf.next (<anonymous>)
    at Object.<anonymous> (/Users/wscart/Sites/node/eggcms/node_modules/.2.5.1@koa-compose/index.js:28:19)
    at Generator.next (<anonymous>)
    at onFulfilled (/Users/wscart/Sites/node/eggcms/node_modules/.4.6.0@co/index.js:65:19)
    at /Users/wscart/Sites/node/eggcms/node_modules/.4.6.0@co/index.js:54:5
    at Object.co (/Users/wscart/Sites/node/eggcms/node_modules/.4.6.0@co/index.js:50:10)
    at Object.toPromise (/Users/wscart/Sites/node/eggcms/node_modules/.4.6.0@co/index.js:118:63)
message: 'invalid csrf token'
pid: 76355
hostname: wusichaodeMacBook-Pro.local

2017-05-12 16:32:18,338 WARN 76932 [-/127.0.0.1/-/2ms POST /setbasic/update/[object%20Object]] invalid csrf token. See https://eggjs.org/zh-cn/core/security.html#安全威胁csrf的防范
2017-05-12 16:32:18,340 WARN 76932 [-/127.0.0.1/-/4ms POST /setbasic/update/[object%20Object]] nodejs.ForbiddenError: invalid csrf token
    at Object.throw (/Users/wscart/Sites/node/eggcms/node_modules/.1.4.0@koa/lib/context.js:89:23)
    at Object.assertCsrf (/Users/wscart/Sites/node/eggcms/node_modules/.1.9.0@egg-security/app/extend/context.js:142:17)
    at Object.csrf (/Users/wscart/Sites/node/eggcms/node_modules/.1.9.0@egg-security/lib/middlewares/csrf.js:30:10)
    at csrf.next (<anonymous>)
    at Object.<anonymous> (/Users/wscart/Sites/node/eggcms/node_modules/.2.5.1@koa-compose/index.js:28:19)
    at Generator.next (<anonymous>)
    at onFulfilled (/Users/wscart/Sites/node/eggcms/node_modules/.4.6.0@co/index.js:65:19)
    at /Users/wscart/Sites/node/eggcms/node_modules/.4.6.0@co/index.js:54:5
    at Object.co (/Users/wscart/Sites/node/eggcms/node_modules/.4.6.0@co/index.js:50:10)
    at Object.toPromise (/Users/wscart/Sites/node/eggcms/node_modules/.4.6.0@co/index.js:118:63)
message: 'invalid csrf token'
pid: 76932
hostname: wusichaodeMacBook-Pro.local

